data.py 2019-08-19 01:54:03	The number of image for train is:                 199998
deprecation.py 2019-08-19 01:54:03	From /home/user/anaconda3/envs/py27/lib/python2.7/site-packages/tensorflow/python/framework/op_def_library.py:263: colocate_with (from tensorflow.python.framework.ops) is deprecated and will be removed in a future version.
Instructions for updating:
Colocations handled automatically by placer.
deprecation.py 2019-08-19 01:54:06	From /home/user/anaconda3/envs/py27/lib/python2.7/site-packages/tensorflow/python/ops/math_ops.py:3066: to_int32 (from tensorflow.python.ops.math_ops) is deprecated and will be removed in a future version.
Instructions for updating:
Use tf.cast instead.
train.py 2019-08-19 01:54:15		YoloV3/MobilenetV2/Conv/weights
train.py 2019-08-19 01:54:15		MobilenetV2/Conv/weights
train.py 2019-08-19 01:54:15		YoloV3/MobilenetV2/Conv/BatchNorm/gamma
train.py 2019-08-19 01:54:15		MobilenetV2/Conv/BatchNorm/gamma
train.py 2019-08-19 01:54:15		YoloV3/MobilenetV2/Conv/BatchNorm/beta
train.py 2019-08-19 01:54:15		MobilenetV2/Conv/BatchNorm/beta
train.py 2019-08-19 01:54:15		YoloV3/MobilenetV2/Conv/BatchNorm/moving_mean
train.py 2019-08-19 01:54:15		MobilenetV2/Conv/BatchNorm/moving_mean
train.py 2019-08-19 01:54:15		YoloV3/MobilenetV2/Conv/BatchNorm/moving_variance
train.py 2019-08-19 01:54:15		MobilenetV2/Conv/BatchNorm/moving_variance
train.py 2019-08-19 01:54:15		YoloV3/MobilenetV2/expanded_conv/depthwise/depthwise_weights
train.py 2019-08-19 01:54:15		MobilenetV2/expanded_conv/depthwise/depthwise_weights
train.py 2019-08-19 01:54:15		YoloV3/MobilenetV2/expanded_conv/depthwise/BatchNorm/gamma
train.py 2019-08-19 01:54:15		MobilenetV2/expanded_conv/depthwise/BatchNorm/gamma
train.py 2019-08-19 01:54:15		YoloV3/MobilenetV2/expanded_conv/depthwise/BatchNorm/beta
train.py 2019-08-19 01:54:15		MobilenetV2/expanded_conv/depthwise/BatchNorm/beta
train.py 2019-08-19 01:54:15		YoloV3/MobilenetV2/expanded_conv/depthwise/BatchNorm/moving_mean
train.py 2019-08-19 01:54:15		MobilenetV2/expanded_conv/depthwise/BatchNorm/moving_mean
train.py 2019-08-19 01:54:15		YoloV3/MobilenetV2/expanded_conv/depthwise/BatchNorm/moving_variance
train.py 2019-08-19 01:54:15		MobilenetV2/expanded_conv/depthwise/BatchNorm/moving_variance
train.py 2019-08-19 01:54:15		YoloV3/MobilenetV2/expanded_conv/project/weights
train.py 2019-08-19 01:54:15		MobilenetV2/expanded_conv/project/weights
train.py 2019-08-19 01:54:15		YoloV3/MobilenetV2/expanded_conv/project/BatchNorm/gamma
train.py 2019-08-19 01:54:15		MobilenetV2/expanded_conv/project/BatchNorm/gamma
train.py 2019-08-19 01:54:15		YoloV3/MobilenetV2/expanded_conv/project/BatchNorm/beta
train.py 2019-08-19 01:54:15		MobilenetV2/expanded_conv/project/BatchNorm/beta
train.py 2019-08-19 01:54:15		YoloV3/MobilenetV2/expanded_conv/project/BatchNorm/moving_mean
train.py 2019-08-19 01:54:15		MobilenetV2/expanded_conv/project/BatchNorm/moving_mean
train.py 2019-08-19 01:54:15		YoloV3/MobilenetV2/expanded_conv/project/BatchNorm/moving_variance
train.py 2019-08-19 01:54:15		MobilenetV2/expanded_conv/project/BatchNorm/moving_variance
train.py 2019-08-19 01:54:15		YoloV3/MobilenetV2/expanded_conv_1/expand/weights
train.py 2019-08-19 01:54:15		MobilenetV2/expanded_conv_1/expand/weights
train.py 2019-08-19 01:54:15		YoloV3/MobilenetV2/expanded_conv_1/expand/BatchNorm/gamma
train.py 2019-08-19 01:54:15		MobilenetV2/expanded_conv_1/expand/BatchNorm/gamma
train.py 2019-08-19 01:54:15		YoloV3/MobilenetV2/expanded_conv_1/expand/BatchNorm/beta
train.py 2019-08-19 01:54:15		MobilenetV2/expanded_conv_1/expand/BatchNorm/beta
train.py 2019-08-19 01:54:15		YoloV3/MobilenetV2/expanded_conv_1/expand/BatchNorm/moving_mean
train.py 2019-08-19 01:54:15		MobilenetV2/expanded_conv_1/expand/BatchNorm/moving_mean
train.py 2019-08-19 01:54:15		YoloV3/MobilenetV2/expanded_conv_1/expand/BatchNorm/moving_variance
train.py 2019-08-19 01:54:15		MobilenetV2/expanded_conv_1/expand/BatchNorm/moving_variance
train.py 2019-08-19 01:54:15		YoloV3/MobilenetV2/expanded_conv_1/depthwise/depthwise_weights
train.py 2019-08-19 01:54:15		MobilenetV2/expanded_conv_1/depthwise/depthwise_weights
train.py 2019-08-19 01:54:15		YoloV3/MobilenetV2/expanded_conv_1/depthwise/BatchNorm/gamma
train.py 2019-08-19 01:54:15		MobilenetV2/expanded_conv_1/depthwise/BatchNorm/gamma
train.py 2019-08-19 01:54:15		YoloV3/MobilenetV2/expanded_conv_1/depthwise/BatchNorm/beta
train.py 2019-08-19 01:54:15		MobilenetV2/expanded_conv_1/depthwise/BatchNorm/beta
train.py 2019-08-19 01:54:15		YoloV3/MobilenetV2/expanded_conv_1/depthwise/BatchNorm/moving_mean
train.py 2019-08-19 01:54:15		MobilenetV2/expanded_conv_1/depthwise/BatchNorm/moving_mean
train.py 2019-08-19 01:54:15		YoloV3/MobilenetV2/expanded_conv_1/depthwise/BatchNorm/moving_variance
train.py 2019-08-19 01:54:15		MobilenetV2/expanded_conv_1/depthwise/BatchNorm/moving_variance
train.py 2019-08-19 01:54:15		YoloV3/MobilenetV2/expanded_conv_1/project/weights
train.py 2019-08-19 01:54:15		MobilenetV2/expanded_conv_1/project/weights
train.py 2019-08-19 01:54:15		YoloV3/MobilenetV2/expanded_conv_1/project/BatchNorm/gamma
train.py 2019-08-19 01:54:15		MobilenetV2/expanded_conv_1/project/BatchNorm/gamma
train.py 2019-08-19 01:54:15		YoloV3/MobilenetV2/expanded_conv_1/project/BatchNorm/beta
train.py 2019-08-19 01:54:15		MobilenetV2/expanded_conv_1/project/BatchNorm/beta
train.py 2019-08-19 01:54:15		YoloV3/MobilenetV2/expanded_conv_1/project/BatchNorm/moving_mean
train.py 2019-08-19 01:54:15		MobilenetV2/expanded_conv_1/project/BatchNorm/moving_mean
train.py 2019-08-19 01:54:15		YoloV3/MobilenetV2/expanded_conv_1/project/BatchNorm/moving_variance
train.py 2019-08-19 01:54:15		MobilenetV2/expanded_conv_1/project/BatchNorm/moving_variance
train.py 2019-08-19 01:54:15		YoloV3/MobilenetV2/expanded_conv_2/expand/weights
train.py 2019-08-19 01:54:15		MobilenetV2/expanded_conv_2/expand/weights
train.py 2019-08-19 01:54:15		YoloV3/MobilenetV2/expanded_conv_2/expand/BatchNorm/gamma
train.py 2019-08-19 01:54:15		MobilenetV2/expanded_conv_2/expand/BatchNorm/gamma
train.py 2019-08-19 01:54:15		YoloV3/MobilenetV2/expanded_conv_2/expand/BatchNorm/beta
train.py 2019-08-19 01:54:15		MobilenetV2/expanded_conv_2/expand/BatchNorm/beta
train.py 2019-08-19 01:54:15		YoloV3/MobilenetV2/expanded_conv_2/expand/BatchNorm/moving_mean
train.py 2019-08-19 01:54:15		MobilenetV2/expanded_conv_2/expand/BatchNorm/moving_mean
train.py 2019-08-19 01:54:15		YoloV3/MobilenetV2/expanded_conv_2/expand/BatchNorm/moving_variance
train.py 2019-08-19 01:54:15		MobilenetV2/expanded_conv_2/expand/BatchNorm/moving_variance
train.py 2019-08-19 01:54:15		YoloV3/MobilenetV2/expanded_conv_2/depthwise/depthwise_weights
train.py 2019-08-19 01:54:15		MobilenetV2/expanded_conv_2/depthwise/depthwise_weights
train.py 2019-08-19 01:54:15		YoloV3/MobilenetV2/expanded_conv_2/depthwise/BatchNorm/gamma
train.py 2019-08-19 01:54:15		MobilenetV2/expanded_conv_2/depthwise/BatchNorm/gamma
train.py 2019-08-19 01:54:15		YoloV3/MobilenetV2/expanded_conv_2/depthwise/BatchNorm/beta
train.py 2019-08-19 01:54:15		MobilenetV2/expanded_conv_2/depthwise/BatchNorm/beta
train.py 2019-08-19 01:54:15		YoloV3/MobilenetV2/expanded_conv_2/depthwise/BatchNorm/moving_mean
train.py 2019-08-19 01:54:15		MobilenetV2/expanded_conv_2/depthwise/BatchNorm/moving_mean
train.py 2019-08-19 01:54:15		YoloV3/MobilenetV2/expanded_conv_2/depthwise/BatchNorm/moving_variance
train.py 2019-08-19 01:54:15		MobilenetV2/expanded_conv_2/depthwise/BatchNorm/moving_variance
train.py 2019-08-19 01:54:15		YoloV3/MobilenetV2/expanded_conv_2/project/weights
train.py 2019-08-19 01:54:15		MobilenetV2/expanded_conv_2/project/weights
train.py 2019-08-19 01:54:15		YoloV3/MobilenetV2/expanded_conv_2/project/BatchNorm/gamma
train.py 2019-08-19 01:54:15		MobilenetV2/expanded_conv_2/project/BatchNorm/gamma
train.py 2019-08-19 01:54:15		YoloV3/MobilenetV2/expanded_conv_2/project/BatchNorm/beta
train.py 2019-08-19 01:54:15		MobilenetV2/expanded_conv_2/project/BatchNorm/beta
train.py 2019-08-19 01:54:15		YoloV3/MobilenetV2/expanded_conv_2/project/BatchNorm/moving_mean
train.py 2019-08-19 01:54:15		MobilenetV2/expanded_conv_2/project/BatchNorm/moving_mean
train.py 2019-08-19 01:54:15		YoloV3/MobilenetV2/expanded_conv_2/project/BatchNorm/moving_variance
train.py 2019-08-19 01:54:15		MobilenetV2/expanded_conv_2/project/BatchNorm/moving_variance
train.py 2019-08-19 01:54:15		YoloV3/MobilenetV2/expanded_conv_3/expand/weights
train.py 2019-08-19 01:54:15		MobilenetV2/expanded_conv_3/expand/weights
train.py 2019-08-19 01:54:15		YoloV3/MobilenetV2/expanded_conv_3/expand/BatchNorm/gamma
train.py 2019-08-19 01:54:15		MobilenetV2/expanded_conv_3/expand/BatchNorm/gamma
train.py 2019-08-19 01:54:15		YoloV3/MobilenetV2/expanded_conv_3/expand/BatchNorm/beta
train.py 2019-08-19 01:54:15		MobilenetV2/expanded_conv_3/expand/BatchNorm/beta
train.py 2019-08-19 01:54:15		YoloV3/MobilenetV2/expanded_conv_3/expand/BatchNorm/moving_mean
train.py 2019-08-19 01:54:15		MobilenetV2/expanded_conv_3/expand/BatchNorm/moving_mean
train.py 2019-08-19 01:54:15		YoloV3/MobilenetV2/expanded_conv_3/expand/BatchNorm/moving_variance
train.py 2019-08-19 01:54:15		MobilenetV2/expanded_conv_3/expand/BatchNorm/moving_variance
train.py 2019-08-19 01:54:15		YoloV3/MobilenetV2/expanded_conv_3/depthwise/depthwise_weights
train.py 2019-08-19 01:54:15		MobilenetV2/expanded_conv_3/depthwise/depthwise_weights
train.py 2019-08-19 01:54:15		YoloV3/MobilenetV2/expanded_conv_3/depthwise/BatchNorm/gamma
train.py 2019-08-19 01:54:15		MobilenetV2/expanded_conv_3/depthwise/BatchNorm/gamma
train.py 2019-08-19 01:54:15		YoloV3/MobilenetV2/expanded_conv_3/depthwise/BatchNorm/beta
train.py 2019-08-19 01:54:15		MobilenetV2/expanded_conv_3/depthwise/BatchNorm/beta
train.py 2019-08-19 01:54:15		YoloV3/MobilenetV2/expanded_conv_3/depthwise/BatchNorm/moving_mean
train.py 2019-08-19 01:54:15		MobilenetV2/expanded_conv_3/depthwise/BatchNorm/moving_mean
train.py 2019-08-19 01:54:15		YoloV3/MobilenetV2/expanded_conv_3/depthwise/BatchNorm/moving_variance
train.py 2019-08-19 01:54:15		MobilenetV2/expanded_conv_3/depthwise/BatchNorm/moving_variance
train.py 2019-08-19 01:54:15		YoloV3/MobilenetV2/expanded_conv_3/project/weights
train.py 2019-08-19 01:54:15		MobilenetV2/expanded_conv_3/project/weights
train.py 2019-08-19 01:54:15		YoloV3/MobilenetV2/expanded_conv_3/project/BatchNorm/gamma
train.py 2019-08-19 01:54:15		MobilenetV2/expanded_conv_3/project/BatchNorm/gamma
train.py 2019-08-19 01:54:15		YoloV3/MobilenetV2/expanded_conv_3/project/BatchNorm/beta
train.py 2019-08-19 01:54:15		MobilenetV2/expanded_conv_3/project/BatchNorm/beta
train.py 2019-08-19 01:54:15		YoloV3/MobilenetV2/expanded_conv_3/project/BatchNorm/moving_mean
train.py 2019-08-19 01:54:15		MobilenetV2/expanded_conv_3/project/BatchNorm/moving_mean
train.py 2019-08-19 01:54:15		YoloV3/MobilenetV2/expanded_conv_3/project/BatchNorm/moving_variance
train.py 2019-08-19 01:54:15		MobilenetV2/expanded_conv_3/project/BatchNorm/moving_variance
train.py 2019-08-19 01:54:15		YoloV3/MobilenetV2/expanded_conv_4/expand/weights
train.py 2019-08-19 01:54:15		MobilenetV2/expanded_conv_4/expand/weights
train.py 2019-08-19 01:54:15		YoloV3/MobilenetV2/expanded_conv_4/expand/BatchNorm/gamma
train.py 2019-08-19 01:54:15		MobilenetV2/expanded_conv_4/expand/BatchNorm/gamma
train.py 2019-08-19 01:54:15		YoloV3/MobilenetV2/expanded_conv_4/expand/BatchNorm/beta
train.py 2019-08-19 01:54:15		MobilenetV2/expanded_conv_4/expand/BatchNorm/beta
train.py 2019-08-19 01:54:15		YoloV3/MobilenetV2/expanded_conv_4/expand/BatchNorm/moving_mean
train.py 2019-08-19 01:54:15		MobilenetV2/expanded_conv_4/expand/BatchNorm/moving_mean
train.py 2019-08-19 01:54:15		YoloV3/MobilenetV2/expanded_conv_4/expand/BatchNorm/moving_variance
train.py 2019-08-19 01:54:15		MobilenetV2/expanded_conv_4/expand/BatchNorm/moving_variance
train.py 2019-08-19 01:54:15		YoloV3/MobilenetV2/expanded_conv_4/depthwise/depthwise_weights
train.py 2019-08-19 01:54:15		MobilenetV2/expanded_conv_4/depthwise/depthwise_weights
train.py 2019-08-19 01:54:15		YoloV3/MobilenetV2/expanded_conv_4/depthwise/BatchNorm/gamma
train.py 2019-08-19 01:54:15		MobilenetV2/expanded_conv_4/depthwise/BatchNorm/gamma
train.py 2019-08-19 01:54:15		YoloV3/MobilenetV2/expanded_conv_4/depthwise/BatchNorm/beta
train.py 2019-08-19 01:54:15		MobilenetV2/expanded_conv_4/depthwise/BatchNorm/beta
train.py 2019-08-19 01:54:15		YoloV3/MobilenetV2/expanded_conv_4/depthwise/BatchNorm/moving_mean
train.py 2019-08-19 01:54:15		MobilenetV2/expanded_conv_4/depthwise/BatchNorm/moving_mean
train.py 2019-08-19 01:54:15		YoloV3/MobilenetV2/expanded_conv_4/depthwise/BatchNorm/moving_variance
train.py 2019-08-19 01:54:15		MobilenetV2/expanded_conv_4/depthwise/BatchNorm/moving_variance
train.py 2019-08-19 01:54:15		YoloV3/MobilenetV2/expanded_conv_4/project/weights
train.py 2019-08-19 01:54:15		MobilenetV2/expanded_conv_4/project/weights
train.py 2019-08-19 01:54:15		YoloV3/MobilenetV2/expanded_conv_4/project/BatchNorm/gamma
train.py 2019-08-19 01:54:15		MobilenetV2/expanded_conv_4/project/BatchNorm/gamma
train.py 2019-08-19 01:54:15		YoloV3/MobilenetV2/expanded_conv_4/project/BatchNorm/beta
train.py 2019-08-19 01:54:15		MobilenetV2/expanded_conv_4/project/BatchNorm/beta
train.py 2019-08-19 01:54:15		YoloV3/MobilenetV2/expanded_conv_4/project/BatchNorm/moving_mean
train.py 2019-08-19 01:54:15		MobilenetV2/expanded_conv_4/project/BatchNorm/moving_mean
train.py 2019-08-19 01:54:15		YoloV3/MobilenetV2/expanded_conv_4/project/BatchNorm/moving_variance
train.py 2019-08-19 01:54:15		MobilenetV2/expanded_conv_4/project/BatchNorm/moving_variance
train.py 2019-08-19 01:54:15		YoloV3/MobilenetV2/expanded_conv_5/expand/weights
train.py 2019-08-19 01:54:15		MobilenetV2/expanded_conv_5/expand/weights
train.py 2019-08-19 01:54:15		YoloV3/MobilenetV2/expanded_conv_5/expand/BatchNorm/gamma
train.py 2019-08-19 01:54:15		MobilenetV2/expanded_conv_5/expand/BatchNorm/gamma
train.py 2019-08-19 01:54:15		YoloV3/MobilenetV2/expanded_conv_5/expand/BatchNorm/beta
train.py 2019-08-19 01:54:15		MobilenetV2/expanded_conv_5/expand/BatchNorm/beta
train.py 2019-08-19 01:54:15		YoloV3/MobilenetV2/expanded_conv_5/expand/BatchNorm/moving_mean
train.py 2019-08-19 01:54:15		MobilenetV2/expanded_conv_5/expand/BatchNorm/moving_mean
train.py 2019-08-19 01:54:15		YoloV3/MobilenetV2/expanded_conv_5/expand/BatchNorm/moving_variance
train.py 2019-08-19 01:54:15		MobilenetV2/expanded_conv_5/expand/BatchNorm/moving_variance
train.py 2019-08-19 01:54:15		YoloV3/MobilenetV2/expanded_conv_5/depthwise/depthwise_weights
train.py 2019-08-19 01:54:15		MobilenetV2/expanded_conv_5/depthwise/depthwise_weights
train.py 2019-08-19 01:54:15		YoloV3/MobilenetV2/expanded_conv_5/depthwise/BatchNorm/gamma
train.py 2019-08-19 01:54:15		MobilenetV2/expanded_conv_5/depthwise/BatchNorm/gamma
train.py 2019-08-19 01:54:15		YoloV3/MobilenetV2/expanded_conv_5/depthwise/BatchNorm/beta
train.py 2019-08-19 01:54:15		MobilenetV2/expanded_conv_5/depthwise/BatchNorm/beta
train.py 2019-08-19 01:54:15		YoloV3/MobilenetV2/expanded_conv_5/depthwise/BatchNorm/moving_mean
train.py 2019-08-19 01:54:15		MobilenetV2/expanded_conv_5/depthwise/BatchNorm/moving_mean
train.py 2019-08-19 01:54:15		YoloV3/MobilenetV2/expanded_conv_5/depthwise/BatchNorm/moving_variance
train.py 2019-08-19 01:54:15		MobilenetV2/expanded_conv_5/depthwise/BatchNorm/moving_variance
train.py 2019-08-19 01:54:15		YoloV3/MobilenetV2/expanded_conv_5/project/weights
train.py 2019-08-19 01:54:15		MobilenetV2/expanded_conv_5/project/weights
train.py 2019-08-19 01:54:15		YoloV3/MobilenetV2/expanded_conv_5/project/BatchNorm/gamma
train.py 2019-08-19 01:54:15		MobilenetV2/expanded_conv_5/project/BatchNorm/gamma
train.py 2019-08-19 01:54:15		YoloV3/MobilenetV2/expanded_conv_5/project/BatchNorm/beta
train.py 2019-08-19 01:54:15		MobilenetV2/expanded_conv_5/project/BatchNorm/beta
train.py 2019-08-19 01:54:15		YoloV3/MobilenetV2/expanded_conv_5/project/BatchNorm/moving_mean
train.py 2019-08-19 01:54:15		MobilenetV2/expanded_conv_5/project/BatchNorm/moving_mean
train.py 2019-08-19 01:54:15		YoloV3/MobilenetV2/expanded_conv_5/project/BatchNorm/moving_variance
train.py 2019-08-19 01:54:15		MobilenetV2/expanded_conv_5/project/BatchNorm/moving_variance
train.py 2019-08-19 01:54:15		YoloV3/MobilenetV2/expanded_conv_6/expand/weights
train.py 2019-08-19 01:54:15		MobilenetV2/expanded_conv_6/expand/weights
train.py 2019-08-19 01:54:15		YoloV3/MobilenetV2/expanded_conv_6/expand/BatchNorm/gamma
train.py 2019-08-19 01:54:15		MobilenetV2/expanded_conv_6/expand/BatchNorm/gamma
train.py 2019-08-19 01:54:15		YoloV3/MobilenetV2/expanded_conv_6/expand/BatchNorm/beta
train.py 2019-08-19 01:54:15		MobilenetV2/expanded_conv_6/expand/BatchNorm/beta
train.py 2019-08-19 01:54:15		YoloV3/MobilenetV2/expanded_conv_6/expand/BatchNorm/moving_mean
train.py 2019-08-19 01:54:15		MobilenetV2/expanded_conv_6/expand/BatchNorm/moving_mean
train.py 2019-08-19 01:54:15		YoloV3/MobilenetV2/expanded_conv_6/expand/BatchNorm/moving_variance
train.py 2019-08-19 01:54:15		MobilenetV2/expanded_conv_6/expand/BatchNorm/moving_variance
train.py 2019-08-19 01:54:15		YoloV3/MobilenetV2/expanded_conv_6/depthwise/depthwise_weights
train.py 2019-08-19 01:54:15		MobilenetV2/expanded_conv_6/depthwise/depthwise_weights
train.py 2019-08-19 01:54:15		YoloV3/MobilenetV2/expanded_conv_6/depthwise/BatchNorm/gamma
train.py 2019-08-19 01:54:15		MobilenetV2/expanded_conv_6/depthwise/BatchNorm/gamma
train.py 2019-08-19 01:54:15		YoloV3/MobilenetV2/expanded_conv_6/depthwise/BatchNorm/beta
train.py 2019-08-19 01:54:15		MobilenetV2/expanded_conv_6/depthwise/BatchNorm/beta
train.py 2019-08-19 01:54:15		YoloV3/MobilenetV2/expanded_conv_6/depthwise/BatchNorm/moving_mean
train.py 2019-08-19 01:54:15		MobilenetV2/expanded_conv_6/depthwise/BatchNorm/moving_mean
train.py 2019-08-19 01:54:15		YoloV3/MobilenetV2/expanded_conv_6/depthwise/BatchNorm/moving_variance
train.py 2019-08-19 01:54:15		MobilenetV2/expanded_conv_6/depthwise/BatchNorm/moving_variance
train.py 2019-08-19 01:54:15		YoloV3/MobilenetV2/expanded_conv_6/project/weights
train.py 2019-08-19 01:54:15		MobilenetV2/expanded_conv_6/project/weights
train.py 2019-08-19 01:54:15		YoloV3/MobilenetV2/expanded_conv_6/project/BatchNorm/gamma
train.py 2019-08-19 01:54:15		MobilenetV2/expanded_conv_6/project/BatchNorm/gamma
train.py 2019-08-19 01:54:15		YoloV3/MobilenetV2/expanded_conv_6/project/BatchNorm/beta
train.py 2019-08-19 01:54:15		MobilenetV2/expanded_conv_6/project/BatchNorm/beta
train.py 2019-08-19 01:54:15		YoloV3/MobilenetV2/expanded_conv_6/project/BatchNorm/moving_mean
train.py 2019-08-19 01:54:15		MobilenetV2/expanded_conv_6/project/BatchNorm/moving_mean
train.py 2019-08-19 01:54:15		YoloV3/MobilenetV2/expanded_conv_6/project/BatchNorm/moving_variance
train.py 2019-08-19 01:54:15		MobilenetV2/expanded_conv_6/project/BatchNorm/moving_variance
train.py 2019-08-19 01:54:15		YoloV3/MobilenetV2/expanded_conv_7/expand/weights
train.py 2019-08-19 01:54:15		MobilenetV2/expanded_conv_7/expand/weights
train.py 2019-08-19 01:54:15		YoloV3/MobilenetV2/expanded_conv_7/expand/BatchNorm/gamma
train.py 2019-08-19 01:54:15		MobilenetV2/expanded_conv_7/expand/BatchNorm/gamma
train.py 2019-08-19 01:54:15		YoloV3/MobilenetV2/expanded_conv_7/expand/BatchNorm/beta
train.py 2019-08-19 01:54:15		MobilenetV2/expanded_conv_7/expand/BatchNorm/beta
train.py 2019-08-19 01:54:15		YoloV3/MobilenetV2/expanded_conv_7/expand/BatchNorm/moving_mean
train.py 2019-08-19 01:54:15		MobilenetV2/expanded_conv_7/expand/BatchNorm/moving_mean
train.py 2019-08-19 01:54:15		YoloV3/MobilenetV2/expanded_conv_7/expand/BatchNorm/moving_variance
train.py 2019-08-19 01:54:15		MobilenetV2/expanded_conv_7/expand/BatchNorm/moving_variance
train.py 2019-08-19 01:54:15		YoloV3/MobilenetV2/expanded_conv_7/depthwise/depthwise_weights
train.py 2019-08-19 01:54:15		MobilenetV2/expanded_conv_7/depthwise/depthwise_weights
train.py 2019-08-19 01:54:15		YoloV3/MobilenetV2/expanded_conv_7/depthwise/BatchNorm/gamma
train.py 2019-08-19 01:54:15		MobilenetV2/expanded_conv_7/depthwise/BatchNorm/gamma
train.py 2019-08-19 01:54:15		YoloV3/MobilenetV2/expanded_conv_7/depthwise/BatchNorm/beta
train.py 2019-08-19 01:54:15		MobilenetV2/expanded_conv_7/depthwise/BatchNorm/beta
train.py 2019-08-19 01:54:15		YoloV3/MobilenetV2/expanded_conv_7/depthwise/BatchNorm/moving_mean
train.py 2019-08-19 01:54:15		MobilenetV2/expanded_conv_7/depthwise/BatchNorm/moving_mean
train.py 2019-08-19 01:54:15		YoloV3/MobilenetV2/expanded_conv_7/depthwise/BatchNorm/moving_variance
train.py 2019-08-19 01:54:15		MobilenetV2/expanded_conv_7/depthwise/BatchNorm/moving_variance
train.py 2019-08-19 01:54:15		YoloV3/MobilenetV2/expanded_conv_7/project/weights
train.py 2019-08-19 01:54:15		MobilenetV2/expanded_conv_7/project/weights
train.py 2019-08-19 01:54:15		YoloV3/MobilenetV2/expanded_conv_7/project/BatchNorm/gamma
train.py 2019-08-19 01:54:15		MobilenetV2/expanded_conv_7/project/BatchNorm/gamma
train.py 2019-08-19 01:54:15		YoloV3/MobilenetV2/expanded_conv_7/project/BatchNorm/beta
train.py 2019-08-19 01:54:15		MobilenetV2/expanded_conv_7/project/BatchNorm/beta
train.py 2019-08-19 01:54:15		YoloV3/MobilenetV2/expanded_conv_7/project/BatchNorm/moving_mean
train.py 2019-08-19 01:54:15		MobilenetV2/expanded_conv_7/project/BatchNorm/moving_mean
train.py 2019-08-19 01:54:15		YoloV3/MobilenetV2/expanded_conv_7/project/BatchNorm/moving_variance
train.py 2019-08-19 01:54:15		MobilenetV2/expanded_conv_7/project/BatchNorm/moving_variance
train.py 2019-08-19 01:54:15		YoloV3/MobilenetV2/expanded_conv_8/expand/weights
train.py 2019-08-19 01:54:15		MobilenetV2/expanded_conv_8/expand/weights
train.py 2019-08-19 01:54:15		YoloV3/MobilenetV2/expanded_conv_8/expand/BatchNorm/gamma
train.py 2019-08-19 01:54:15		MobilenetV2/expanded_conv_8/expand/BatchNorm/gamma
train.py 2019-08-19 01:54:15		YoloV3/MobilenetV2/expanded_conv_8/expand/BatchNorm/beta
train.py 2019-08-19 01:54:15		MobilenetV2/expanded_conv_8/expand/BatchNorm/beta
train.py 2019-08-19 01:54:15		YoloV3/MobilenetV2/expanded_conv_8/expand/BatchNorm/moving_mean
train.py 2019-08-19 01:54:15		MobilenetV2/expanded_conv_8/expand/BatchNorm/moving_mean
train.py 2019-08-19 01:54:15		YoloV3/MobilenetV2/expanded_conv_8/expand/BatchNorm/moving_variance
train.py 2019-08-19 01:54:15		MobilenetV2/expanded_conv_8/expand/BatchNorm/moving_variance
train.py 2019-08-19 01:54:15		YoloV3/MobilenetV2/expanded_conv_8/depthwise/depthwise_weights
train.py 2019-08-19 01:54:15		MobilenetV2/expanded_conv_8/depthwise/depthwise_weights
train.py 2019-08-19 01:54:15		YoloV3/MobilenetV2/expanded_conv_8/depthwise/BatchNorm/gamma
train.py 2019-08-19 01:54:15		MobilenetV2/expanded_conv_8/depthwise/BatchNorm/gamma
train.py 2019-08-19 01:54:15		YoloV3/MobilenetV2/expanded_conv_8/depthwise/BatchNorm/beta
train.py 2019-08-19 01:54:15		MobilenetV2/expanded_conv_8/depthwise/BatchNorm/beta
train.py 2019-08-19 01:54:15		YoloV3/MobilenetV2/expanded_conv_8/depthwise/BatchNorm/moving_mean
train.py 2019-08-19 01:54:15		MobilenetV2/expanded_conv_8/depthwise/BatchNorm/moving_mean
train.py 2019-08-19 01:54:15		YoloV3/MobilenetV2/expanded_conv_8/depthwise/BatchNorm/moving_variance
train.py 2019-08-19 01:54:15		MobilenetV2/expanded_conv_8/depthwise/BatchNorm/moving_variance
train.py 2019-08-19 01:54:15		YoloV3/MobilenetV2/expanded_conv_8/project/weights
train.py 2019-08-19 01:54:15		MobilenetV2/expanded_conv_8/project/weights
train.py 2019-08-19 01:54:15		YoloV3/MobilenetV2/expanded_conv_8/project/BatchNorm/gamma
train.py 2019-08-19 01:54:15		MobilenetV2/expanded_conv_8/project/BatchNorm/gamma
train.py 2019-08-19 01:54:15		YoloV3/MobilenetV2/expanded_conv_8/project/BatchNorm/beta
train.py 2019-08-19 01:54:15		MobilenetV2/expanded_conv_8/project/BatchNorm/beta
train.py 2019-08-19 01:54:15		YoloV3/MobilenetV2/expanded_conv_8/project/BatchNorm/moving_mean
train.py 2019-08-19 01:54:15		MobilenetV2/expanded_conv_8/project/BatchNorm/moving_mean
train.py 2019-08-19 01:54:15		YoloV3/MobilenetV2/expanded_conv_8/project/BatchNorm/moving_variance
train.py 2019-08-19 01:54:15		MobilenetV2/expanded_conv_8/project/BatchNorm/moving_variance
train.py 2019-08-19 01:54:15		YoloV3/MobilenetV2/expanded_conv_9/expand/weights
train.py 2019-08-19 01:54:15		MobilenetV2/expanded_conv_9/expand/weights
train.py 2019-08-19 01:54:15		YoloV3/MobilenetV2/expanded_conv_9/expand/BatchNorm/gamma
train.py 2019-08-19 01:54:15		MobilenetV2/expanded_conv_9/expand/BatchNorm/gamma
train.py 2019-08-19 01:54:15		YoloV3/MobilenetV2/expanded_conv_9/expand/BatchNorm/beta
train.py 2019-08-19 01:54:15		MobilenetV2/expanded_conv_9/expand/BatchNorm/beta
train.py 2019-08-19 01:54:15		YoloV3/MobilenetV2/expanded_conv_9/expand/BatchNorm/moving_mean
train.py 2019-08-19 01:54:15		MobilenetV2/expanded_conv_9/expand/BatchNorm/moving_mean
train.py 2019-08-19 01:54:15		YoloV3/MobilenetV2/expanded_conv_9/expand/BatchNorm/moving_variance
train.py 2019-08-19 01:54:15		MobilenetV2/expanded_conv_9/expand/BatchNorm/moving_variance
train.py 2019-08-19 01:54:15		YoloV3/MobilenetV2/expanded_conv_9/depthwise/depthwise_weights
train.py 2019-08-19 01:54:15		MobilenetV2/expanded_conv_9/depthwise/depthwise_weights
train.py 2019-08-19 01:54:15		YoloV3/MobilenetV2/expanded_conv_9/depthwise/BatchNorm/gamma
train.py 2019-08-19 01:54:15		MobilenetV2/expanded_conv_9/depthwise/BatchNorm/gamma
train.py 2019-08-19 01:54:15		YoloV3/MobilenetV2/expanded_conv_9/depthwise/BatchNorm/beta
train.py 2019-08-19 01:54:15		MobilenetV2/expanded_conv_9/depthwise/BatchNorm/beta
train.py 2019-08-19 01:54:15		YoloV3/MobilenetV2/expanded_conv_9/depthwise/BatchNorm/moving_mean
train.py 2019-08-19 01:54:15		MobilenetV2/expanded_conv_9/depthwise/BatchNorm/moving_mean
train.py 2019-08-19 01:54:15		YoloV3/MobilenetV2/expanded_conv_9/depthwise/BatchNorm/moving_variance
train.py 2019-08-19 01:54:15		MobilenetV2/expanded_conv_9/depthwise/BatchNorm/moving_variance
train.py 2019-08-19 01:54:15		YoloV3/MobilenetV2/expanded_conv_9/project/weights
train.py 2019-08-19 01:54:15		MobilenetV2/expanded_conv_9/project/weights
train.py 2019-08-19 01:54:15		YoloV3/MobilenetV2/expanded_conv_9/project/BatchNorm/gamma
train.py 2019-08-19 01:54:15		MobilenetV2/expanded_conv_9/project/BatchNorm/gamma
train.py 2019-08-19 01:54:15		YoloV3/MobilenetV2/expanded_conv_9/project/BatchNorm/beta
train.py 2019-08-19 01:54:15		MobilenetV2/expanded_conv_9/project/BatchNorm/beta
train.py 2019-08-19 01:54:15		YoloV3/MobilenetV2/expanded_conv_9/project/BatchNorm/moving_mean
train.py 2019-08-19 01:54:15		MobilenetV2/expanded_conv_9/project/BatchNorm/moving_mean
train.py 2019-08-19 01:54:15		YoloV3/MobilenetV2/expanded_conv_9/project/BatchNorm/moving_variance
train.py 2019-08-19 01:54:15		MobilenetV2/expanded_conv_9/project/BatchNorm/moving_variance
train.py 2019-08-19 01:54:15		YoloV3/MobilenetV2/expanded_conv_10/expand/weights
train.py 2019-08-19 01:54:15		MobilenetV2/expanded_conv_10/expand/weights
train.py 2019-08-19 01:54:15		YoloV3/MobilenetV2/expanded_conv_10/expand/BatchNorm/gamma
train.py 2019-08-19 01:54:15		MobilenetV2/expanded_conv_10/expand/BatchNorm/gamma
train.py 2019-08-19 01:54:15		YoloV3/MobilenetV2/expanded_conv_10/expand/BatchNorm/beta
train.py 2019-08-19 01:54:15		MobilenetV2/expanded_conv_10/expand/BatchNorm/beta
train.py 2019-08-19 01:54:15		YoloV3/MobilenetV2/expanded_conv_10/expand/BatchNorm/moving_mean
train.py 2019-08-19 01:54:15		MobilenetV2/expanded_conv_10/expand/BatchNorm/moving_mean
train.py 2019-08-19 01:54:15		YoloV3/MobilenetV2/expanded_conv_10/expand/BatchNorm/moving_variance
train.py 2019-08-19 01:54:15		MobilenetV2/expanded_conv_10/expand/BatchNorm/moving_variance
train.py 2019-08-19 01:54:15		YoloV3/MobilenetV2/expanded_conv_10/depthwise/depthwise_weights
train.py 2019-08-19 01:54:15		MobilenetV2/expanded_conv_10/depthwise/depthwise_weights
train.py 2019-08-19 01:54:15		YoloV3/MobilenetV2/expanded_conv_10/depthwise/BatchNorm/gamma
train.py 2019-08-19 01:54:15		MobilenetV2/expanded_conv_10/depthwise/BatchNorm/gamma
train.py 2019-08-19 01:54:15		YoloV3/MobilenetV2/expanded_conv_10/depthwise/BatchNorm/beta
train.py 2019-08-19 01:54:15		MobilenetV2/expanded_conv_10/depthwise/BatchNorm/beta
train.py 2019-08-19 01:54:15		YoloV3/MobilenetV2/expanded_conv_10/depthwise/BatchNorm/moving_mean
train.py 2019-08-19 01:54:15		MobilenetV2/expanded_conv_10/depthwise/BatchNorm/moving_mean
train.py 2019-08-19 01:54:15		YoloV3/MobilenetV2/expanded_conv_10/depthwise/BatchNorm/moving_variance
train.py 2019-08-19 01:54:15		MobilenetV2/expanded_conv_10/depthwise/BatchNorm/moving_variance
train.py 2019-08-19 01:54:15		YoloV3/MobilenetV2/expanded_conv_10/project/weights
train.py 2019-08-19 01:54:15		MobilenetV2/expanded_conv_10/project/weights
train.py 2019-08-19 01:54:15		YoloV3/MobilenetV2/expanded_conv_10/project/BatchNorm/gamma
train.py 2019-08-19 01:54:15		MobilenetV2/expanded_conv_10/project/BatchNorm/gamma
train.py 2019-08-19 01:54:15		YoloV3/MobilenetV2/expanded_conv_10/project/BatchNorm/beta
train.py 2019-08-19 01:54:15		MobilenetV2/expanded_conv_10/project/BatchNorm/beta
train.py 2019-08-19 01:54:15		YoloV3/MobilenetV2/expanded_conv_10/project/BatchNorm/moving_mean
train.py 2019-08-19 01:54:15		MobilenetV2/expanded_conv_10/project/BatchNorm/moving_mean
train.py 2019-08-19 01:54:15		YoloV3/MobilenetV2/expanded_conv_10/project/BatchNorm/moving_variance
train.py 2019-08-19 01:54:15		MobilenetV2/expanded_conv_10/project/BatchNorm/moving_variance
train.py 2019-08-19 01:54:15		YoloV3/MobilenetV2/expanded_conv_11/expand/weights
train.py 2019-08-19 01:54:15		MobilenetV2/expanded_conv_11/expand/weights
train.py 2019-08-19 01:54:15		YoloV3/MobilenetV2/expanded_conv_11/expand/BatchNorm/gamma
train.py 2019-08-19 01:54:15		MobilenetV2/expanded_conv_11/expand/BatchNorm/gamma
train.py 2019-08-19 01:54:15		YoloV3/MobilenetV2/expanded_conv_11/expand/BatchNorm/beta
train.py 2019-08-19 01:54:15		MobilenetV2/expanded_conv_11/expand/BatchNorm/beta
train.py 2019-08-19 01:54:15		YoloV3/MobilenetV2/expanded_conv_11/expand/BatchNorm/moving_mean
train.py 2019-08-19 01:54:15		MobilenetV2/expanded_conv_11/expand/BatchNorm/moving_mean
train.py 2019-08-19 01:54:15		YoloV3/MobilenetV2/expanded_conv_11/expand/BatchNorm/moving_variance
train.py 2019-08-19 01:54:15		MobilenetV2/expanded_conv_11/expand/BatchNorm/moving_variance
train.py 2019-08-19 01:54:15		YoloV3/MobilenetV2/expanded_conv_11/depthwise/depthwise_weights
train.py 2019-08-19 01:54:15		MobilenetV2/expanded_conv_11/depthwise/depthwise_weights
train.py 2019-08-19 01:54:15		YoloV3/MobilenetV2/expanded_conv_11/depthwise/BatchNorm/gamma
train.py 2019-08-19 01:54:15		MobilenetV2/expanded_conv_11/depthwise/BatchNorm/gamma
train.py 2019-08-19 01:54:15		YoloV3/MobilenetV2/expanded_conv_11/depthwise/BatchNorm/beta
train.py 2019-08-19 01:54:15		MobilenetV2/expanded_conv_11/depthwise/BatchNorm/beta
train.py 2019-08-19 01:54:15		YoloV3/MobilenetV2/expanded_conv_11/depthwise/BatchNorm/moving_mean
train.py 2019-08-19 01:54:15		MobilenetV2/expanded_conv_11/depthwise/BatchNorm/moving_mean
train.py 2019-08-19 01:54:15		YoloV3/MobilenetV2/expanded_conv_11/depthwise/BatchNorm/moving_variance
train.py 2019-08-19 01:54:15		MobilenetV2/expanded_conv_11/depthwise/BatchNorm/moving_variance
train.py 2019-08-19 01:54:15		YoloV3/MobilenetV2/expanded_conv_11/project/weights
train.py 2019-08-19 01:54:15		MobilenetV2/expanded_conv_11/project/weights
train.py 2019-08-19 01:54:15		YoloV3/MobilenetV2/expanded_conv_11/project/BatchNorm/gamma
train.py 2019-08-19 01:54:15		MobilenetV2/expanded_conv_11/project/BatchNorm/gamma
train.py 2019-08-19 01:54:15		YoloV3/MobilenetV2/expanded_conv_11/project/BatchNorm/beta
train.py 2019-08-19 01:54:15		MobilenetV2/expanded_conv_11/project/BatchNorm/beta
train.py 2019-08-19 01:54:15		YoloV3/MobilenetV2/expanded_conv_11/project/BatchNorm/moving_mean
train.py 2019-08-19 01:54:15		MobilenetV2/expanded_conv_11/project/BatchNorm/moving_mean
train.py 2019-08-19 01:54:15		YoloV3/MobilenetV2/expanded_conv_11/project/BatchNorm/moving_variance
train.py 2019-08-19 01:54:15		MobilenetV2/expanded_conv_11/project/BatchNorm/moving_variance
train.py 2019-08-19 01:54:15		YoloV3/MobilenetV2/expanded_conv_12/expand/weights
train.py 2019-08-19 01:54:15		MobilenetV2/expanded_conv_12/expand/weights
train.py 2019-08-19 01:54:15		YoloV3/MobilenetV2/expanded_conv_12/expand/BatchNorm/gamma
train.py 2019-08-19 01:54:15		MobilenetV2/expanded_conv_12/expand/BatchNorm/gamma
train.py 2019-08-19 01:54:15		YoloV3/MobilenetV2/expanded_conv_12/expand/BatchNorm/beta
train.py 2019-08-19 01:54:15		MobilenetV2/expanded_conv_12/expand/BatchNorm/beta
train.py 2019-08-19 01:54:15		YoloV3/MobilenetV2/expanded_conv_12/expand/BatchNorm/moving_mean
train.py 2019-08-19 01:54:15		MobilenetV2/expanded_conv_12/expand/BatchNorm/moving_mean
train.py 2019-08-19 01:54:15		YoloV3/MobilenetV2/expanded_conv_12/expand/BatchNorm/moving_variance
train.py 2019-08-19 01:54:15		MobilenetV2/expanded_conv_12/expand/BatchNorm/moving_variance
train.py 2019-08-19 01:54:15		YoloV3/MobilenetV2/expanded_conv_12/depthwise/depthwise_weights
train.py 2019-08-19 01:54:15		MobilenetV2/expanded_conv_12/depthwise/depthwise_weights
train.py 2019-08-19 01:54:15		YoloV3/MobilenetV2/expanded_conv_12/depthwise/BatchNorm/gamma
train.py 2019-08-19 01:54:15		MobilenetV2/expanded_conv_12/depthwise/BatchNorm/gamma
train.py 2019-08-19 01:54:15		YoloV3/MobilenetV2/expanded_conv_12/depthwise/BatchNorm/beta
train.py 2019-08-19 01:54:15		MobilenetV2/expanded_conv_12/depthwise/BatchNorm/beta
train.py 2019-08-19 01:54:15		YoloV3/MobilenetV2/expanded_conv_12/depthwise/BatchNorm/moving_mean
train.py 2019-08-19 01:54:15		MobilenetV2/expanded_conv_12/depthwise/BatchNorm/moving_mean
train.py 2019-08-19 01:54:15		YoloV3/MobilenetV2/expanded_conv_12/depthwise/BatchNorm/moving_variance
train.py 2019-08-19 01:54:15		MobilenetV2/expanded_conv_12/depthwise/BatchNorm/moving_variance
train.py 2019-08-19 01:54:15		YoloV3/MobilenetV2/expanded_conv_12/project/weights
train.py 2019-08-19 01:54:15		MobilenetV2/expanded_conv_12/project/weights
train.py 2019-08-19 01:54:15		YoloV3/MobilenetV2/expanded_conv_12/project/BatchNorm/gamma
train.py 2019-08-19 01:54:15		MobilenetV2/expanded_conv_12/project/BatchNorm/gamma
train.py 2019-08-19 01:54:15		YoloV3/MobilenetV2/expanded_conv_12/project/BatchNorm/beta
train.py 2019-08-19 01:54:15		MobilenetV2/expanded_conv_12/project/BatchNorm/beta
train.py 2019-08-19 01:54:15		YoloV3/MobilenetV2/expanded_conv_12/project/BatchNorm/moving_mean
train.py 2019-08-19 01:54:15		MobilenetV2/expanded_conv_12/project/BatchNorm/moving_mean
train.py 2019-08-19 01:54:15		YoloV3/MobilenetV2/expanded_conv_12/project/BatchNorm/moving_variance
train.py 2019-08-19 01:54:15		MobilenetV2/expanded_conv_12/project/BatchNorm/moving_variance
train.py 2019-08-19 01:54:15		YoloV3/MobilenetV2/expanded_conv_13/expand/weights
train.py 2019-08-19 01:54:15		MobilenetV2/expanded_conv_13/expand/weights
train.py 2019-08-19 01:54:15		YoloV3/MobilenetV2/expanded_conv_13/expand/BatchNorm/gamma
train.py 2019-08-19 01:54:15		MobilenetV2/expanded_conv_13/expand/BatchNorm/gamma
train.py 2019-08-19 01:54:15		YoloV3/MobilenetV2/expanded_conv_13/expand/BatchNorm/beta
train.py 2019-08-19 01:54:15		MobilenetV2/expanded_conv_13/expand/BatchNorm/beta
train.py 2019-08-19 01:54:15		YoloV3/MobilenetV2/expanded_conv_13/expand/BatchNorm/moving_mean
train.py 2019-08-19 01:54:15		MobilenetV2/expanded_conv_13/expand/BatchNorm/moving_mean
train.py 2019-08-19 01:54:15		YoloV3/MobilenetV2/expanded_conv_13/expand/BatchNorm/moving_variance
train.py 2019-08-19 01:54:15		MobilenetV2/expanded_conv_13/expand/BatchNorm/moving_variance
train.py 2019-08-19 01:54:15		YoloV3/MobilenetV2/expanded_conv_13/depthwise/depthwise_weights
train.py 2019-08-19 01:54:15		MobilenetV2/expanded_conv_13/depthwise/depthwise_weights
train.py 2019-08-19 01:54:15		YoloV3/MobilenetV2/expanded_conv_13/depthwise/BatchNorm/gamma
train.py 2019-08-19 01:54:15		MobilenetV2/expanded_conv_13/depthwise/BatchNorm/gamma
train.py 2019-08-19 01:54:15		YoloV3/MobilenetV2/expanded_conv_13/depthwise/BatchNorm/beta
train.py 2019-08-19 01:54:15		MobilenetV2/expanded_conv_13/depthwise/BatchNorm/beta
train.py 2019-08-19 01:54:15		YoloV3/MobilenetV2/expanded_conv_13/depthwise/BatchNorm/moving_mean
train.py 2019-08-19 01:54:15		MobilenetV2/expanded_conv_13/depthwise/BatchNorm/moving_mean
train.py 2019-08-19 01:54:15		YoloV3/MobilenetV2/expanded_conv_13/depthwise/BatchNorm/moving_variance
train.py 2019-08-19 01:54:15		MobilenetV2/expanded_conv_13/depthwise/BatchNorm/moving_variance
train.py 2019-08-19 01:54:15		YoloV3/MobilenetV2/expanded_conv_13/project/weights
train.py 2019-08-19 01:54:15		MobilenetV2/expanded_conv_13/project/weights
train.py 2019-08-19 01:54:15		YoloV3/MobilenetV2/expanded_conv_13/project/BatchNorm/gamma
train.py 2019-08-19 01:54:15		MobilenetV2/expanded_conv_13/project/BatchNorm/gamma
train.py 2019-08-19 01:54:15		YoloV3/MobilenetV2/expanded_conv_13/project/BatchNorm/beta
train.py 2019-08-19 01:54:15		MobilenetV2/expanded_conv_13/project/BatchNorm/beta
train.py 2019-08-19 01:54:15		YoloV3/MobilenetV2/expanded_conv_13/project/BatchNorm/moving_mean
train.py 2019-08-19 01:54:15		MobilenetV2/expanded_conv_13/project/BatchNorm/moving_mean
train.py 2019-08-19 01:54:15		YoloV3/MobilenetV2/expanded_conv_13/project/BatchNorm/moving_variance
train.py 2019-08-19 01:54:15		MobilenetV2/expanded_conv_13/project/BatchNorm/moving_variance
train.py 2019-08-19 01:54:15		YoloV3/MobilenetV2/expanded_conv_14/expand/weights
train.py 2019-08-19 01:54:15		MobilenetV2/expanded_conv_14/expand/weights
train.py 2019-08-19 01:54:15		YoloV3/MobilenetV2/expanded_conv_14/expand/BatchNorm/gamma
train.py 2019-08-19 01:54:15		MobilenetV2/expanded_conv_14/expand/BatchNorm/gamma
train.py 2019-08-19 01:54:15		YoloV3/MobilenetV2/expanded_conv_14/expand/BatchNorm/beta
train.py 2019-08-19 01:54:15		MobilenetV2/expanded_conv_14/expand/BatchNorm/beta
train.py 2019-08-19 01:54:15		YoloV3/MobilenetV2/expanded_conv_14/expand/BatchNorm/moving_mean
train.py 2019-08-19 01:54:15		MobilenetV2/expanded_conv_14/expand/BatchNorm/moving_mean
train.py 2019-08-19 01:54:15		YoloV3/MobilenetV2/expanded_conv_14/expand/BatchNorm/moving_variance
train.py 2019-08-19 01:54:15		MobilenetV2/expanded_conv_14/expand/BatchNorm/moving_variance
train.py 2019-08-19 01:54:15		YoloV3/MobilenetV2/expanded_conv_14/depthwise/depthwise_weights
train.py 2019-08-19 01:54:15		MobilenetV2/expanded_conv_14/depthwise/depthwise_weights
train.py 2019-08-19 01:54:15		YoloV3/MobilenetV2/expanded_conv_14/depthwise/BatchNorm/gamma
train.py 2019-08-19 01:54:15		MobilenetV2/expanded_conv_14/depthwise/BatchNorm/gamma
train.py 2019-08-19 01:54:15		YoloV3/MobilenetV2/expanded_conv_14/depthwise/BatchNorm/beta
train.py 2019-08-19 01:54:15		MobilenetV2/expanded_conv_14/depthwise/BatchNorm/beta
train.py 2019-08-19 01:54:15		YoloV3/MobilenetV2/expanded_conv_14/depthwise/BatchNorm/moving_mean
train.py 2019-08-19 01:54:15		MobilenetV2/expanded_conv_14/depthwise/BatchNorm/moving_mean
train.py 2019-08-19 01:54:15		YoloV3/MobilenetV2/expanded_conv_14/depthwise/BatchNorm/moving_variance
train.py 2019-08-19 01:54:15		MobilenetV2/expanded_conv_14/depthwise/BatchNorm/moving_variance
train.py 2019-08-19 01:54:15		YoloV3/MobilenetV2/expanded_conv_14/project/weights
train.py 2019-08-19 01:54:15		MobilenetV2/expanded_conv_14/project/weights
train.py 2019-08-19 01:54:15		YoloV3/MobilenetV2/expanded_conv_14/project/BatchNorm/gamma
train.py 2019-08-19 01:54:15		MobilenetV2/expanded_conv_14/project/BatchNorm/gamma
train.py 2019-08-19 01:54:15		YoloV3/MobilenetV2/expanded_conv_14/project/BatchNorm/beta
train.py 2019-08-19 01:54:15		MobilenetV2/expanded_conv_14/project/BatchNorm/beta
train.py 2019-08-19 01:54:15		YoloV3/MobilenetV2/expanded_conv_14/project/BatchNorm/moving_mean
train.py 2019-08-19 01:54:15		MobilenetV2/expanded_conv_14/project/BatchNorm/moving_mean
train.py 2019-08-19 01:54:15		YoloV3/MobilenetV2/expanded_conv_14/project/BatchNorm/moving_variance
train.py 2019-08-19 01:54:15		MobilenetV2/expanded_conv_14/project/BatchNorm/moving_variance
train.py 2019-08-19 01:54:15		YoloV3/MobilenetV2/expanded_conv_15/expand/weights
train.py 2019-08-19 01:54:15		MobilenetV2/expanded_conv_15/expand/weights
train.py 2019-08-19 01:54:15		YoloV3/MobilenetV2/expanded_conv_15/expand/BatchNorm/gamma
train.py 2019-08-19 01:54:15		MobilenetV2/expanded_conv_15/expand/BatchNorm/gamma
train.py 2019-08-19 01:54:15		YoloV3/MobilenetV2/expanded_conv_15/expand/BatchNorm/beta
train.py 2019-08-19 01:54:15		MobilenetV2/expanded_conv_15/expand/BatchNorm/beta
train.py 2019-08-19 01:54:15		YoloV3/MobilenetV2/expanded_conv_15/expand/BatchNorm/moving_mean
train.py 2019-08-19 01:54:15		MobilenetV2/expanded_conv_15/expand/BatchNorm/moving_mean
train.py 2019-08-19 01:54:15		YoloV3/MobilenetV2/expanded_conv_15/expand/BatchNorm/moving_variance
train.py 2019-08-19 01:54:15		MobilenetV2/expanded_conv_15/expand/BatchNorm/moving_variance
train.py 2019-08-19 01:54:15		YoloV3/MobilenetV2/expanded_conv_15/depthwise/depthwise_weights
train.py 2019-08-19 01:54:15		MobilenetV2/expanded_conv_15/depthwise/depthwise_weights
train.py 2019-08-19 01:54:15		YoloV3/MobilenetV2/expanded_conv_15/depthwise/BatchNorm/gamma
train.py 2019-08-19 01:54:15		MobilenetV2/expanded_conv_15/depthwise/BatchNorm/gamma
train.py 2019-08-19 01:54:15		YoloV3/MobilenetV2/expanded_conv_15/depthwise/BatchNorm/beta
train.py 2019-08-19 01:54:15		MobilenetV2/expanded_conv_15/depthwise/BatchNorm/beta
train.py 2019-08-19 01:54:15		YoloV3/MobilenetV2/expanded_conv_15/depthwise/BatchNorm/moving_mean
train.py 2019-08-19 01:54:15		MobilenetV2/expanded_conv_15/depthwise/BatchNorm/moving_mean
train.py 2019-08-19 01:54:15		YoloV3/MobilenetV2/expanded_conv_15/depthwise/BatchNorm/moving_variance
train.py 2019-08-19 01:54:15		MobilenetV2/expanded_conv_15/depthwise/BatchNorm/moving_variance
train.py 2019-08-19 01:54:15		YoloV3/MobilenetV2/expanded_conv_15/project/weights
train.py 2019-08-19 01:54:15		MobilenetV2/expanded_conv_15/project/weights
train.py 2019-08-19 01:54:15		YoloV3/MobilenetV2/expanded_conv_15/project/BatchNorm/gamma
train.py 2019-08-19 01:54:15		MobilenetV2/expanded_conv_15/project/BatchNorm/gamma
train.py 2019-08-19 01:54:15		YoloV3/MobilenetV2/expanded_conv_15/project/BatchNorm/beta
train.py 2019-08-19 01:54:15		MobilenetV2/expanded_conv_15/project/BatchNorm/beta
train.py 2019-08-19 01:54:15		YoloV3/MobilenetV2/expanded_conv_15/project/BatchNorm/moving_mean
train.py 2019-08-19 01:54:15		MobilenetV2/expanded_conv_15/project/BatchNorm/moving_mean
train.py 2019-08-19 01:54:15		YoloV3/MobilenetV2/expanded_conv_15/project/BatchNorm/moving_variance
train.py 2019-08-19 01:54:15		MobilenetV2/expanded_conv_15/project/BatchNorm/moving_variance
train.py 2019-08-19 01:54:15		YoloV3/MobilenetV2/expanded_conv_16/expand/weights
train.py 2019-08-19 01:54:15		MobilenetV2/expanded_conv_16/expand/weights
train.py 2019-08-19 01:54:15		YoloV3/MobilenetV2/expanded_conv_16/expand/BatchNorm/gamma
train.py 2019-08-19 01:54:15		MobilenetV2/expanded_conv_16/expand/BatchNorm/gamma
train.py 2019-08-19 01:54:15		YoloV3/MobilenetV2/expanded_conv_16/expand/BatchNorm/beta
train.py 2019-08-19 01:54:15		MobilenetV2/expanded_conv_16/expand/BatchNorm/beta
train.py 2019-08-19 01:54:15		YoloV3/MobilenetV2/expanded_conv_16/expand/BatchNorm/moving_mean
train.py 2019-08-19 01:54:15		MobilenetV2/expanded_conv_16/expand/BatchNorm/moving_mean
train.py 2019-08-19 01:54:15		YoloV3/MobilenetV2/expanded_conv_16/expand/BatchNorm/moving_variance
train.py 2019-08-19 01:54:15		MobilenetV2/expanded_conv_16/expand/BatchNorm/moving_variance
train.py 2019-08-19 01:54:15		YoloV3/MobilenetV2/expanded_conv_16/depthwise/depthwise_weights
train.py 2019-08-19 01:54:15		MobilenetV2/expanded_conv_16/depthwise/depthwise_weights
train.py 2019-08-19 01:54:15		YoloV3/MobilenetV2/expanded_conv_16/depthwise/BatchNorm/gamma
train.py 2019-08-19 01:54:15		MobilenetV2/expanded_conv_16/depthwise/BatchNorm/gamma
train.py 2019-08-19 01:54:15		YoloV3/MobilenetV2/expanded_conv_16/depthwise/BatchNorm/beta
train.py 2019-08-19 01:54:15		MobilenetV2/expanded_conv_16/depthwise/BatchNorm/beta
train.py 2019-08-19 01:54:15		YoloV3/MobilenetV2/expanded_conv_16/depthwise/BatchNorm/moving_mean
train.py 2019-08-19 01:54:15		MobilenetV2/expanded_conv_16/depthwise/BatchNorm/moving_mean
train.py 2019-08-19 01:54:15		YoloV3/MobilenetV2/expanded_conv_16/depthwise/BatchNorm/moving_variance
train.py 2019-08-19 01:54:15		MobilenetV2/expanded_conv_16/depthwise/BatchNorm/moving_variance
train.py 2019-08-19 01:54:15		YoloV3/MobilenetV2/expanded_conv_16/project/weights
train.py 2019-08-19 01:54:15		MobilenetV2/expanded_conv_16/project/weights
train.py 2019-08-19 01:54:15		YoloV3/MobilenetV2/expanded_conv_16/project/BatchNorm/gamma
train.py 2019-08-19 01:54:15		MobilenetV2/expanded_conv_16/project/BatchNorm/gamma
train.py 2019-08-19 01:54:15		YoloV3/MobilenetV2/expanded_conv_16/project/BatchNorm/beta
train.py 2019-08-19 01:54:15		MobilenetV2/expanded_conv_16/project/BatchNorm/beta
train.py 2019-08-19 01:54:15		YoloV3/MobilenetV2/expanded_conv_16/project/BatchNorm/moving_mean
train.py 2019-08-19 01:54:15		MobilenetV2/expanded_conv_16/project/BatchNorm/moving_mean
train.py 2019-08-19 01:54:15		YoloV3/MobilenetV2/expanded_conv_16/project/BatchNorm/moving_variance
train.py 2019-08-19 01:54:15		MobilenetV2/expanded_conv_16/project/BatchNorm/moving_variance
train.py 2019-08-19 01:54:15		YoloV3/MobilenetV2/Conv_1/weights
train.py 2019-08-19 01:54:15		MobilenetV2/Conv_1/weights
train.py 2019-08-19 01:54:15		YoloV3/MobilenetV2/Conv_1/BatchNorm/gamma
train.py 2019-08-19 01:54:15		MobilenetV2/Conv_1/BatchNorm/gamma
train.py 2019-08-19 01:54:15		YoloV3/MobilenetV2/Conv_1/BatchNorm/beta
train.py 2019-08-19 01:54:15		MobilenetV2/Conv_1/BatchNorm/beta
train.py 2019-08-19 01:54:15		YoloV3/MobilenetV2/Conv_1/BatchNorm/moving_mean
train.py 2019-08-19 01:54:15		MobilenetV2/Conv_1/BatchNorm/moving_mean
train.py 2019-08-19 01:54:15		YoloV3/MobilenetV2/Conv_1/BatchNorm/moving_variance
train.py 2019-08-19 01:54:15		MobilenetV2/Conv_1/BatchNorm/moving_variance
deprecation.py 2019-08-19 01:54:19	From /home/user/anaconda3/envs/py27/lib/python2.7/site-packages/tensorflow/python/training/saver.py:1266: checkpoint_exists (from tensorflow.python.training.checkpoint_management) is deprecated and will be removed in a future version.
Instructions for updating:
Use standard file APIs to check for files with this prefix.
saver.py 2019-08-19 01:54:19	Restoring parameters from ./weights/yolo.ckpt-0
