data.py 2019-08-24 11:59:23	The number of image for train is:                 199998
train.py 2019-08-24 11:59:44		YoloV3/MobilenetV2/Conv/weights
train.py 2019-08-24 11:59:44		MobilenetV2/Conv/weights
train.py 2019-08-24 11:59:44		YoloV3/MobilenetV2/Conv/BatchNorm/gamma
train.py 2019-08-24 11:59:44		MobilenetV2/Conv/BatchNorm/gamma
train.py 2019-08-24 11:59:44		YoloV3/MobilenetV2/Conv/BatchNorm/beta
train.py 2019-08-24 11:59:44		MobilenetV2/Conv/BatchNorm/beta
train.py 2019-08-24 11:59:44		YoloV3/MobilenetV2/Conv/BatchNorm/moving_mean
train.py 2019-08-24 11:59:44		MobilenetV2/Conv/BatchNorm/moving_mean
train.py 2019-08-24 11:59:44		YoloV3/MobilenetV2/Conv/BatchNorm/moving_variance
train.py 2019-08-24 11:59:44		MobilenetV2/Conv/BatchNorm/moving_variance
train.py 2019-08-24 11:59:44		YoloV3/MobilenetV2/expanded_conv/depthwise/depthwise_weights
train.py 2019-08-24 11:59:44		MobilenetV2/expanded_conv/depthwise/depthwise_weights
train.py 2019-08-24 11:59:44		YoloV3/MobilenetV2/expanded_conv/depthwise/BatchNorm/gamma
train.py 2019-08-24 11:59:44		MobilenetV2/expanded_conv/depthwise/BatchNorm/gamma
train.py 2019-08-24 11:59:44		YoloV3/MobilenetV2/expanded_conv/depthwise/BatchNorm/beta
train.py 2019-08-24 11:59:44		MobilenetV2/expanded_conv/depthwise/BatchNorm/beta
train.py 2019-08-24 11:59:44		YoloV3/MobilenetV2/expanded_conv/depthwise/BatchNorm/moving_mean
train.py 2019-08-24 11:59:44		MobilenetV2/expanded_conv/depthwise/BatchNorm/moving_mean
train.py 2019-08-24 11:59:44		YoloV3/MobilenetV2/expanded_conv/depthwise/BatchNorm/moving_variance
train.py 2019-08-24 11:59:44		MobilenetV2/expanded_conv/depthwise/BatchNorm/moving_variance
train.py 2019-08-24 11:59:44		YoloV3/MobilenetV2/expanded_conv/project/weights
train.py 2019-08-24 11:59:44		MobilenetV2/expanded_conv/project/weights
train.py 2019-08-24 11:59:44		YoloV3/MobilenetV2/expanded_conv/project/BatchNorm/gamma
train.py 2019-08-24 11:59:44		MobilenetV2/expanded_conv/project/BatchNorm/gamma
train.py 2019-08-24 11:59:44		YoloV3/MobilenetV2/expanded_conv/project/BatchNorm/beta
train.py 2019-08-24 11:59:44		MobilenetV2/expanded_conv/project/BatchNorm/beta
train.py 2019-08-24 11:59:44		YoloV3/MobilenetV2/expanded_conv/project/BatchNorm/moving_mean
train.py 2019-08-24 11:59:44		MobilenetV2/expanded_conv/project/BatchNorm/moving_mean
train.py 2019-08-24 11:59:44		YoloV3/MobilenetV2/expanded_conv/project/BatchNorm/moving_variance
train.py 2019-08-24 11:59:44		MobilenetV2/expanded_conv/project/BatchNorm/moving_variance
train.py 2019-08-24 11:59:44		YoloV3/MobilenetV2/expanded_conv_1/expand/weights
train.py 2019-08-24 11:59:44		MobilenetV2/expanded_conv_1/expand/weights
train.py 2019-08-24 11:59:44		YoloV3/MobilenetV2/expanded_conv_1/expand/BatchNorm/gamma
train.py 2019-08-24 11:59:44		MobilenetV2/expanded_conv_1/expand/BatchNorm/gamma
train.py 2019-08-24 11:59:44		YoloV3/MobilenetV2/expanded_conv_1/expand/BatchNorm/beta
train.py 2019-08-24 11:59:44		MobilenetV2/expanded_conv_1/expand/BatchNorm/beta
train.py 2019-08-24 11:59:44		YoloV3/MobilenetV2/expanded_conv_1/expand/BatchNorm/moving_mean
train.py 2019-08-24 11:59:44		MobilenetV2/expanded_conv_1/expand/BatchNorm/moving_mean
train.py 2019-08-24 11:59:44		YoloV3/MobilenetV2/expanded_conv_1/expand/BatchNorm/moving_variance
train.py 2019-08-24 11:59:44		MobilenetV2/expanded_conv_1/expand/BatchNorm/moving_variance
train.py 2019-08-24 11:59:44		YoloV3/MobilenetV2/expanded_conv_1/depthwise/depthwise_weights
train.py 2019-08-24 11:59:44		MobilenetV2/expanded_conv_1/depthwise/depthwise_weights
train.py 2019-08-24 11:59:44		YoloV3/MobilenetV2/expanded_conv_1/depthwise/BatchNorm/gamma
train.py 2019-08-24 11:59:44		MobilenetV2/expanded_conv_1/depthwise/BatchNorm/gamma
train.py 2019-08-24 11:59:44		YoloV3/MobilenetV2/expanded_conv_1/depthwise/BatchNorm/beta
train.py 2019-08-24 11:59:44		MobilenetV2/expanded_conv_1/depthwise/BatchNorm/beta
train.py 2019-08-24 11:59:44		YoloV3/MobilenetV2/expanded_conv_1/depthwise/BatchNorm/moving_mean
train.py 2019-08-24 11:59:44		MobilenetV2/expanded_conv_1/depthwise/BatchNorm/moving_mean
train.py 2019-08-24 11:59:44		YoloV3/MobilenetV2/expanded_conv_1/depthwise/BatchNorm/moving_variance
train.py 2019-08-24 11:59:44		MobilenetV2/expanded_conv_1/depthwise/BatchNorm/moving_variance
train.py 2019-08-24 11:59:44		YoloV3/MobilenetV2/expanded_conv_1/project/weights
train.py 2019-08-24 11:59:44		MobilenetV2/expanded_conv_1/project/weights
train.py 2019-08-24 11:59:44		YoloV3/MobilenetV2/expanded_conv_1/project/BatchNorm/gamma
train.py 2019-08-24 11:59:44		MobilenetV2/expanded_conv_1/project/BatchNorm/gamma
train.py 2019-08-24 11:59:44		YoloV3/MobilenetV2/expanded_conv_1/project/BatchNorm/beta
train.py 2019-08-24 11:59:44		MobilenetV2/expanded_conv_1/project/BatchNorm/beta
train.py 2019-08-24 11:59:44		YoloV3/MobilenetV2/expanded_conv_1/project/BatchNorm/moving_mean
train.py 2019-08-24 11:59:44		MobilenetV2/expanded_conv_1/project/BatchNorm/moving_mean
train.py 2019-08-24 11:59:44		YoloV3/MobilenetV2/expanded_conv_1/project/BatchNorm/moving_variance
train.py 2019-08-24 11:59:44		MobilenetV2/expanded_conv_1/project/BatchNorm/moving_variance
train.py 2019-08-24 11:59:44		YoloV3/MobilenetV2/expanded_conv_2/expand/weights
train.py 2019-08-24 11:59:44		MobilenetV2/expanded_conv_2/expand/weights
train.py 2019-08-24 11:59:44		YoloV3/MobilenetV2/expanded_conv_2/expand/BatchNorm/gamma
train.py 2019-08-24 11:59:44		MobilenetV2/expanded_conv_2/expand/BatchNorm/gamma
train.py 2019-08-24 11:59:44		YoloV3/MobilenetV2/expanded_conv_2/expand/BatchNorm/beta
train.py 2019-08-24 11:59:44		MobilenetV2/expanded_conv_2/expand/BatchNorm/beta
train.py 2019-08-24 11:59:44		YoloV3/MobilenetV2/expanded_conv_2/expand/BatchNorm/moving_mean
train.py 2019-08-24 11:59:44		MobilenetV2/expanded_conv_2/expand/BatchNorm/moving_mean
train.py 2019-08-24 11:59:44		YoloV3/MobilenetV2/expanded_conv_2/expand/BatchNorm/moving_variance
train.py 2019-08-24 11:59:44		MobilenetV2/expanded_conv_2/expand/BatchNorm/moving_variance
train.py 2019-08-24 11:59:44		YoloV3/MobilenetV2/expanded_conv_2/depthwise/depthwise_weights
train.py 2019-08-24 11:59:44		MobilenetV2/expanded_conv_2/depthwise/depthwise_weights
train.py 2019-08-24 11:59:44		YoloV3/MobilenetV2/expanded_conv_2/depthwise/BatchNorm/gamma
train.py 2019-08-24 11:59:44		MobilenetV2/expanded_conv_2/depthwise/BatchNorm/gamma
train.py 2019-08-24 11:59:44		YoloV3/MobilenetV2/expanded_conv_2/depthwise/BatchNorm/beta
train.py 2019-08-24 11:59:44		MobilenetV2/expanded_conv_2/depthwise/BatchNorm/beta
train.py 2019-08-24 11:59:44		YoloV3/MobilenetV2/expanded_conv_2/depthwise/BatchNorm/moving_mean
train.py 2019-08-24 11:59:44		MobilenetV2/expanded_conv_2/depthwise/BatchNorm/moving_mean
train.py 2019-08-24 11:59:44		YoloV3/MobilenetV2/expanded_conv_2/depthwise/BatchNorm/moving_variance
train.py 2019-08-24 11:59:44		MobilenetV2/expanded_conv_2/depthwise/BatchNorm/moving_variance
train.py 2019-08-24 11:59:44		YoloV3/MobilenetV2/expanded_conv_2/project/weights
train.py 2019-08-24 11:59:44		MobilenetV2/expanded_conv_2/project/weights
train.py 2019-08-24 11:59:44		YoloV3/MobilenetV2/expanded_conv_2/project/BatchNorm/gamma
train.py 2019-08-24 11:59:44		MobilenetV2/expanded_conv_2/project/BatchNorm/gamma
train.py 2019-08-24 11:59:44		YoloV3/MobilenetV2/expanded_conv_2/project/BatchNorm/beta
train.py 2019-08-24 11:59:44		MobilenetV2/expanded_conv_2/project/BatchNorm/beta
train.py 2019-08-24 11:59:44		YoloV3/MobilenetV2/expanded_conv_2/project/BatchNorm/moving_mean
train.py 2019-08-24 11:59:44		MobilenetV2/expanded_conv_2/project/BatchNorm/moving_mean
train.py 2019-08-24 11:59:44		YoloV3/MobilenetV2/expanded_conv_2/project/BatchNorm/moving_variance
train.py 2019-08-24 11:59:44		MobilenetV2/expanded_conv_2/project/BatchNorm/moving_variance
train.py 2019-08-24 11:59:44		YoloV3/MobilenetV2/expanded_conv_3/expand/weights
train.py 2019-08-24 11:59:44		MobilenetV2/expanded_conv_3/expand/weights
train.py 2019-08-24 11:59:44		YoloV3/MobilenetV2/expanded_conv_3/expand/BatchNorm/gamma
train.py 2019-08-24 11:59:44		MobilenetV2/expanded_conv_3/expand/BatchNorm/gamma
train.py 2019-08-24 11:59:44		YoloV3/MobilenetV2/expanded_conv_3/expand/BatchNorm/beta
train.py 2019-08-24 11:59:44		MobilenetV2/expanded_conv_3/expand/BatchNorm/beta
train.py 2019-08-24 11:59:44		YoloV3/MobilenetV2/expanded_conv_3/expand/BatchNorm/moving_mean
train.py 2019-08-24 11:59:44		MobilenetV2/expanded_conv_3/expand/BatchNorm/moving_mean
train.py 2019-08-24 11:59:44		YoloV3/MobilenetV2/expanded_conv_3/expand/BatchNorm/moving_variance
train.py 2019-08-24 11:59:44		MobilenetV2/expanded_conv_3/expand/BatchNorm/moving_variance
train.py 2019-08-24 11:59:44		YoloV3/MobilenetV2/expanded_conv_3/depthwise/depthwise_weights
train.py 2019-08-24 11:59:44		MobilenetV2/expanded_conv_3/depthwise/depthwise_weights
train.py 2019-08-24 11:59:44		YoloV3/MobilenetV2/expanded_conv_3/depthwise/BatchNorm/gamma
train.py 2019-08-24 11:59:44		MobilenetV2/expanded_conv_3/depthwise/BatchNorm/gamma
train.py 2019-08-24 11:59:44		YoloV3/MobilenetV2/expanded_conv_3/depthwise/BatchNorm/beta
train.py 2019-08-24 11:59:44		MobilenetV2/expanded_conv_3/depthwise/BatchNorm/beta
train.py 2019-08-24 11:59:44		YoloV3/MobilenetV2/expanded_conv_3/depthwise/BatchNorm/moving_mean
train.py 2019-08-24 11:59:44		MobilenetV2/expanded_conv_3/depthwise/BatchNorm/moving_mean
train.py 2019-08-24 11:59:44		YoloV3/MobilenetV2/expanded_conv_3/depthwise/BatchNorm/moving_variance
train.py 2019-08-24 11:59:44		MobilenetV2/expanded_conv_3/depthwise/BatchNorm/moving_variance
train.py 2019-08-24 11:59:44		YoloV3/MobilenetV2/expanded_conv_3/project/weights
train.py 2019-08-24 11:59:44		MobilenetV2/expanded_conv_3/project/weights
train.py 2019-08-24 11:59:44		YoloV3/MobilenetV2/expanded_conv_3/project/BatchNorm/gamma
train.py 2019-08-24 11:59:44		MobilenetV2/expanded_conv_3/project/BatchNorm/gamma
train.py 2019-08-24 11:59:44		YoloV3/MobilenetV2/expanded_conv_3/project/BatchNorm/beta
train.py 2019-08-24 11:59:44		MobilenetV2/expanded_conv_3/project/BatchNorm/beta
train.py 2019-08-24 11:59:44		YoloV3/MobilenetV2/expanded_conv_3/project/BatchNorm/moving_mean
train.py 2019-08-24 11:59:44		MobilenetV2/expanded_conv_3/project/BatchNorm/moving_mean
train.py 2019-08-24 11:59:44		YoloV3/MobilenetV2/expanded_conv_3/project/BatchNorm/moving_variance
train.py 2019-08-24 11:59:44		MobilenetV2/expanded_conv_3/project/BatchNorm/moving_variance
train.py 2019-08-24 11:59:44		YoloV3/MobilenetV2/expanded_conv_4/expand/weights
train.py 2019-08-24 11:59:44		MobilenetV2/expanded_conv_4/expand/weights
train.py 2019-08-24 11:59:44		YoloV3/MobilenetV2/expanded_conv_4/expand/BatchNorm/gamma
train.py 2019-08-24 11:59:44		MobilenetV2/expanded_conv_4/expand/BatchNorm/gamma
train.py 2019-08-24 11:59:44		YoloV3/MobilenetV2/expanded_conv_4/expand/BatchNorm/beta
train.py 2019-08-24 11:59:44		MobilenetV2/expanded_conv_4/expand/BatchNorm/beta
train.py 2019-08-24 11:59:44		YoloV3/MobilenetV2/expanded_conv_4/expand/BatchNorm/moving_mean
train.py 2019-08-24 11:59:44		MobilenetV2/expanded_conv_4/expand/BatchNorm/moving_mean
train.py 2019-08-24 11:59:44		YoloV3/MobilenetV2/expanded_conv_4/expand/BatchNorm/moving_variance
train.py 2019-08-24 11:59:44		MobilenetV2/expanded_conv_4/expand/BatchNorm/moving_variance
train.py 2019-08-24 11:59:44		YoloV3/MobilenetV2/expanded_conv_4/depthwise/depthwise_weights
train.py 2019-08-24 11:59:44		MobilenetV2/expanded_conv_4/depthwise/depthwise_weights
train.py 2019-08-24 11:59:44		YoloV3/MobilenetV2/expanded_conv_4/depthwise/BatchNorm/gamma
train.py 2019-08-24 11:59:44		MobilenetV2/expanded_conv_4/depthwise/BatchNorm/gamma
train.py 2019-08-24 11:59:44		YoloV3/MobilenetV2/expanded_conv_4/depthwise/BatchNorm/beta
train.py 2019-08-24 11:59:44		MobilenetV2/expanded_conv_4/depthwise/BatchNorm/beta
train.py 2019-08-24 11:59:44		YoloV3/MobilenetV2/expanded_conv_4/depthwise/BatchNorm/moving_mean
train.py 2019-08-24 11:59:44		MobilenetV2/expanded_conv_4/depthwise/BatchNorm/moving_mean
train.py 2019-08-24 11:59:44		YoloV3/MobilenetV2/expanded_conv_4/depthwise/BatchNorm/moving_variance
train.py 2019-08-24 11:59:44		MobilenetV2/expanded_conv_4/depthwise/BatchNorm/moving_variance
train.py 2019-08-24 11:59:44		YoloV3/MobilenetV2/expanded_conv_4/project/weights
train.py 2019-08-24 11:59:44		MobilenetV2/expanded_conv_4/project/weights
train.py 2019-08-24 11:59:44		YoloV3/MobilenetV2/expanded_conv_4/project/BatchNorm/gamma
train.py 2019-08-24 11:59:44		MobilenetV2/expanded_conv_4/project/BatchNorm/gamma
train.py 2019-08-24 11:59:44		YoloV3/MobilenetV2/expanded_conv_4/project/BatchNorm/beta
train.py 2019-08-24 11:59:44		MobilenetV2/expanded_conv_4/project/BatchNorm/beta
train.py 2019-08-24 11:59:44		YoloV3/MobilenetV2/expanded_conv_4/project/BatchNorm/moving_mean
train.py 2019-08-24 11:59:44		MobilenetV2/expanded_conv_4/project/BatchNorm/moving_mean
train.py 2019-08-24 11:59:44		YoloV3/MobilenetV2/expanded_conv_4/project/BatchNorm/moving_variance
train.py 2019-08-24 11:59:44		MobilenetV2/expanded_conv_4/project/BatchNorm/moving_variance
train.py 2019-08-24 11:59:44		YoloV3/MobilenetV2/expanded_conv_5/expand/weights
train.py 2019-08-24 11:59:44		MobilenetV2/expanded_conv_5/expand/weights
train.py 2019-08-24 11:59:44		YoloV3/MobilenetV2/expanded_conv_5/expand/BatchNorm/gamma
train.py 2019-08-24 11:59:44		MobilenetV2/expanded_conv_5/expand/BatchNorm/gamma
train.py 2019-08-24 11:59:44		YoloV3/MobilenetV2/expanded_conv_5/expand/BatchNorm/beta
train.py 2019-08-24 11:59:44		MobilenetV2/expanded_conv_5/expand/BatchNorm/beta
train.py 2019-08-24 11:59:44		YoloV3/MobilenetV2/expanded_conv_5/expand/BatchNorm/moving_mean
train.py 2019-08-24 11:59:44		MobilenetV2/expanded_conv_5/expand/BatchNorm/moving_mean
train.py 2019-08-24 11:59:44		YoloV3/MobilenetV2/expanded_conv_5/expand/BatchNorm/moving_variance
train.py 2019-08-24 11:59:44		MobilenetV2/expanded_conv_5/expand/BatchNorm/moving_variance
train.py 2019-08-24 11:59:44		YoloV3/MobilenetV2/expanded_conv_5/depthwise/depthwise_weights
train.py 2019-08-24 11:59:44		MobilenetV2/expanded_conv_5/depthwise/depthwise_weights
train.py 2019-08-24 11:59:44		YoloV3/MobilenetV2/expanded_conv_5/depthwise/BatchNorm/gamma
train.py 2019-08-24 11:59:44		MobilenetV2/expanded_conv_5/depthwise/BatchNorm/gamma
train.py 2019-08-24 11:59:44		YoloV3/MobilenetV2/expanded_conv_5/depthwise/BatchNorm/beta
train.py 2019-08-24 11:59:44		MobilenetV2/expanded_conv_5/depthwise/BatchNorm/beta
train.py 2019-08-24 11:59:44		YoloV3/MobilenetV2/expanded_conv_5/depthwise/BatchNorm/moving_mean
train.py 2019-08-24 11:59:44		MobilenetV2/expanded_conv_5/depthwise/BatchNorm/moving_mean
train.py 2019-08-24 11:59:44		YoloV3/MobilenetV2/expanded_conv_5/depthwise/BatchNorm/moving_variance
train.py 2019-08-24 11:59:44		MobilenetV2/expanded_conv_5/depthwise/BatchNorm/moving_variance
train.py 2019-08-24 11:59:44		YoloV3/MobilenetV2/expanded_conv_5/project/weights
train.py 2019-08-24 11:59:44		MobilenetV2/expanded_conv_5/project/weights
train.py 2019-08-24 11:59:44		YoloV3/MobilenetV2/expanded_conv_5/project/BatchNorm/gamma
train.py 2019-08-24 11:59:44		MobilenetV2/expanded_conv_5/project/BatchNorm/gamma
train.py 2019-08-24 11:59:44		YoloV3/MobilenetV2/expanded_conv_5/project/BatchNorm/beta
train.py 2019-08-24 11:59:44		MobilenetV2/expanded_conv_5/project/BatchNorm/beta
train.py 2019-08-24 11:59:44		YoloV3/MobilenetV2/expanded_conv_5/project/BatchNorm/moving_mean
train.py 2019-08-24 11:59:44		MobilenetV2/expanded_conv_5/project/BatchNorm/moving_mean
train.py 2019-08-24 11:59:44		YoloV3/MobilenetV2/expanded_conv_5/project/BatchNorm/moving_variance
train.py 2019-08-24 11:59:44		MobilenetV2/expanded_conv_5/project/BatchNorm/moving_variance
train.py 2019-08-24 11:59:44		YoloV3/MobilenetV2/expanded_conv_6/expand/weights
train.py 2019-08-24 11:59:44		MobilenetV2/expanded_conv_6/expand/weights
train.py 2019-08-24 11:59:44		YoloV3/MobilenetV2/expanded_conv_6/expand/BatchNorm/gamma
train.py 2019-08-24 11:59:44		MobilenetV2/expanded_conv_6/expand/BatchNorm/gamma
train.py 2019-08-24 11:59:44		YoloV3/MobilenetV2/expanded_conv_6/expand/BatchNorm/beta
train.py 2019-08-24 11:59:44		MobilenetV2/expanded_conv_6/expand/BatchNorm/beta
train.py 2019-08-24 11:59:44		YoloV3/MobilenetV2/expanded_conv_6/expand/BatchNorm/moving_mean
train.py 2019-08-24 11:59:44		MobilenetV2/expanded_conv_6/expand/BatchNorm/moving_mean
train.py 2019-08-24 11:59:44		YoloV3/MobilenetV2/expanded_conv_6/expand/BatchNorm/moving_variance
train.py 2019-08-24 11:59:44		MobilenetV2/expanded_conv_6/expand/BatchNorm/moving_variance
train.py 2019-08-24 11:59:44		YoloV3/MobilenetV2/expanded_conv_6/depthwise/depthwise_weights
train.py 2019-08-24 11:59:44		MobilenetV2/expanded_conv_6/depthwise/depthwise_weights
train.py 2019-08-24 11:59:44		YoloV3/MobilenetV2/expanded_conv_6/depthwise/BatchNorm/gamma
train.py 2019-08-24 11:59:44		MobilenetV2/expanded_conv_6/depthwise/BatchNorm/gamma
train.py 2019-08-24 11:59:44		YoloV3/MobilenetV2/expanded_conv_6/depthwise/BatchNorm/beta
train.py 2019-08-24 11:59:44		MobilenetV2/expanded_conv_6/depthwise/BatchNorm/beta
train.py 2019-08-24 11:59:44		YoloV3/MobilenetV2/expanded_conv_6/depthwise/BatchNorm/moving_mean
train.py 2019-08-24 11:59:44		MobilenetV2/expanded_conv_6/depthwise/BatchNorm/moving_mean
train.py 2019-08-24 11:59:44		YoloV3/MobilenetV2/expanded_conv_6/depthwise/BatchNorm/moving_variance
train.py 2019-08-24 11:59:44		MobilenetV2/expanded_conv_6/depthwise/BatchNorm/moving_variance
train.py 2019-08-24 11:59:44		YoloV3/MobilenetV2/expanded_conv_6/project/weights
train.py 2019-08-24 11:59:44		MobilenetV2/expanded_conv_6/project/weights
train.py 2019-08-24 11:59:44		YoloV3/MobilenetV2/expanded_conv_6/project/BatchNorm/gamma
train.py 2019-08-24 11:59:44		MobilenetV2/expanded_conv_6/project/BatchNorm/gamma
train.py 2019-08-24 11:59:44		YoloV3/MobilenetV2/expanded_conv_6/project/BatchNorm/beta
train.py 2019-08-24 11:59:44		MobilenetV2/expanded_conv_6/project/BatchNorm/beta
train.py 2019-08-24 11:59:44		YoloV3/MobilenetV2/expanded_conv_6/project/BatchNorm/moving_mean
train.py 2019-08-24 11:59:44		MobilenetV2/expanded_conv_6/project/BatchNorm/moving_mean
train.py 2019-08-24 11:59:44		YoloV3/MobilenetV2/expanded_conv_6/project/BatchNorm/moving_variance
train.py 2019-08-24 11:59:44		MobilenetV2/expanded_conv_6/project/BatchNorm/moving_variance
train.py 2019-08-24 11:59:44		YoloV3/MobilenetV2/expanded_conv_7/expand/weights
train.py 2019-08-24 11:59:44		MobilenetV2/expanded_conv_7/expand/weights
train.py 2019-08-24 11:59:44		YoloV3/MobilenetV2/expanded_conv_7/expand/BatchNorm/gamma
train.py 2019-08-24 11:59:44		MobilenetV2/expanded_conv_7/expand/BatchNorm/gamma
train.py 2019-08-24 11:59:44		YoloV3/MobilenetV2/expanded_conv_7/expand/BatchNorm/beta
train.py 2019-08-24 11:59:44		MobilenetV2/expanded_conv_7/expand/BatchNorm/beta
train.py 2019-08-24 11:59:44		YoloV3/MobilenetV2/expanded_conv_7/expand/BatchNorm/moving_mean
train.py 2019-08-24 11:59:44		MobilenetV2/expanded_conv_7/expand/BatchNorm/moving_mean
train.py 2019-08-24 11:59:44		YoloV3/MobilenetV2/expanded_conv_7/expand/BatchNorm/moving_variance
train.py 2019-08-24 11:59:44		MobilenetV2/expanded_conv_7/expand/BatchNorm/moving_variance
train.py 2019-08-24 11:59:44		YoloV3/MobilenetV2/expanded_conv_7/depthwise/depthwise_weights
train.py 2019-08-24 11:59:44		MobilenetV2/expanded_conv_7/depthwise/depthwise_weights
train.py 2019-08-24 11:59:44		YoloV3/MobilenetV2/expanded_conv_7/depthwise/BatchNorm/gamma
train.py 2019-08-24 11:59:44		MobilenetV2/expanded_conv_7/depthwise/BatchNorm/gamma
train.py 2019-08-24 11:59:44		YoloV3/MobilenetV2/expanded_conv_7/depthwise/BatchNorm/beta
train.py 2019-08-24 11:59:44		MobilenetV2/expanded_conv_7/depthwise/BatchNorm/beta
train.py 2019-08-24 11:59:44		YoloV3/MobilenetV2/expanded_conv_7/depthwise/BatchNorm/moving_mean
train.py 2019-08-24 11:59:44		MobilenetV2/expanded_conv_7/depthwise/BatchNorm/moving_mean
train.py 2019-08-24 11:59:44		YoloV3/MobilenetV2/expanded_conv_7/depthwise/BatchNorm/moving_variance
train.py 2019-08-24 11:59:44		MobilenetV2/expanded_conv_7/depthwise/BatchNorm/moving_variance
train.py 2019-08-24 11:59:44		YoloV3/MobilenetV2/expanded_conv_7/project/weights
train.py 2019-08-24 11:59:44		MobilenetV2/expanded_conv_7/project/weights
train.py 2019-08-24 11:59:44		YoloV3/MobilenetV2/expanded_conv_7/project/BatchNorm/gamma
train.py 2019-08-24 11:59:44		MobilenetV2/expanded_conv_7/project/BatchNorm/gamma
train.py 2019-08-24 11:59:44		YoloV3/MobilenetV2/expanded_conv_7/project/BatchNorm/beta
train.py 2019-08-24 11:59:44		MobilenetV2/expanded_conv_7/project/BatchNorm/beta
train.py 2019-08-24 11:59:44		YoloV3/MobilenetV2/expanded_conv_7/project/BatchNorm/moving_mean
train.py 2019-08-24 11:59:44		MobilenetV2/expanded_conv_7/project/BatchNorm/moving_mean
train.py 2019-08-24 11:59:44		YoloV3/MobilenetV2/expanded_conv_7/project/BatchNorm/moving_variance
train.py 2019-08-24 11:59:44		MobilenetV2/expanded_conv_7/project/BatchNorm/moving_variance
train.py 2019-08-24 11:59:44		YoloV3/MobilenetV2/expanded_conv_8/expand/weights
train.py 2019-08-24 11:59:44		MobilenetV2/expanded_conv_8/expand/weights
train.py 2019-08-24 11:59:44		YoloV3/MobilenetV2/expanded_conv_8/expand/BatchNorm/gamma
train.py 2019-08-24 11:59:44		MobilenetV2/expanded_conv_8/expand/BatchNorm/gamma
train.py 2019-08-24 11:59:44		YoloV3/MobilenetV2/expanded_conv_8/expand/BatchNorm/beta
train.py 2019-08-24 11:59:44		MobilenetV2/expanded_conv_8/expand/BatchNorm/beta
train.py 2019-08-24 11:59:44		YoloV3/MobilenetV2/expanded_conv_8/expand/BatchNorm/moving_mean
train.py 2019-08-24 11:59:44		MobilenetV2/expanded_conv_8/expand/BatchNorm/moving_mean
train.py 2019-08-24 11:59:44		YoloV3/MobilenetV2/expanded_conv_8/expand/BatchNorm/moving_variance
train.py 2019-08-24 11:59:44		MobilenetV2/expanded_conv_8/expand/BatchNorm/moving_variance
train.py 2019-08-24 11:59:44		YoloV3/MobilenetV2/expanded_conv_8/depthwise/depthwise_weights
train.py 2019-08-24 11:59:44		MobilenetV2/expanded_conv_8/depthwise/depthwise_weights
train.py 2019-08-24 11:59:44		YoloV3/MobilenetV2/expanded_conv_8/depthwise/BatchNorm/gamma
train.py 2019-08-24 11:59:44		MobilenetV2/expanded_conv_8/depthwise/BatchNorm/gamma
train.py 2019-08-24 11:59:44		YoloV3/MobilenetV2/expanded_conv_8/depthwise/BatchNorm/beta
train.py 2019-08-24 11:59:44		MobilenetV2/expanded_conv_8/depthwise/BatchNorm/beta
train.py 2019-08-24 11:59:44		YoloV3/MobilenetV2/expanded_conv_8/depthwise/BatchNorm/moving_mean
train.py 2019-08-24 11:59:44		MobilenetV2/expanded_conv_8/depthwise/BatchNorm/moving_mean
train.py 2019-08-24 11:59:44		YoloV3/MobilenetV2/expanded_conv_8/depthwise/BatchNorm/moving_variance
train.py 2019-08-24 11:59:44		MobilenetV2/expanded_conv_8/depthwise/BatchNorm/moving_variance
train.py 2019-08-24 11:59:44		YoloV3/MobilenetV2/expanded_conv_8/project/weights
train.py 2019-08-24 11:59:44		MobilenetV2/expanded_conv_8/project/weights
train.py 2019-08-24 11:59:44		YoloV3/MobilenetV2/expanded_conv_8/project/BatchNorm/gamma
train.py 2019-08-24 11:59:44		MobilenetV2/expanded_conv_8/project/BatchNorm/gamma
train.py 2019-08-24 11:59:44		YoloV3/MobilenetV2/expanded_conv_8/project/BatchNorm/beta
train.py 2019-08-24 11:59:44		MobilenetV2/expanded_conv_8/project/BatchNorm/beta
train.py 2019-08-24 11:59:44		YoloV3/MobilenetV2/expanded_conv_8/project/BatchNorm/moving_mean
train.py 2019-08-24 11:59:44		MobilenetV2/expanded_conv_8/project/BatchNorm/moving_mean
train.py 2019-08-24 11:59:44		YoloV3/MobilenetV2/expanded_conv_8/project/BatchNorm/moving_variance
train.py 2019-08-24 11:59:44		MobilenetV2/expanded_conv_8/project/BatchNorm/moving_variance
train.py 2019-08-24 11:59:44		YoloV3/MobilenetV2/expanded_conv_9/expand/weights
train.py 2019-08-24 11:59:44		MobilenetV2/expanded_conv_9/expand/weights
train.py 2019-08-24 11:59:44		YoloV3/MobilenetV2/expanded_conv_9/expand/BatchNorm/gamma
train.py 2019-08-24 11:59:44		MobilenetV2/expanded_conv_9/expand/BatchNorm/gamma
train.py 2019-08-24 11:59:44		YoloV3/MobilenetV2/expanded_conv_9/expand/BatchNorm/beta
train.py 2019-08-24 11:59:44		MobilenetV2/expanded_conv_9/expand/BatchNorm/beta
train.py 2019-08-24 11:59:44		YoloV3/MobilenetV2/expanded_conv_9/expand/BatchNorm/moving_mean
train.py 2019-08-24 11:59:44		MobilenetV2/expanded_conv_9/expand/BatchNorm/moving_mean
train.py 2019-08-24 11:59:44		YoloV3/MobilenetV2/expanded_conv_9/expand/BatchNorm/moving_variance
train.py 2019-08-24 11:59:44		MobilenetV2/expanded_conv_9/expand/BatchNorm/moving_variance
train.py 2019-08-24 11:59:44		YoloV3/MobilenetV2/expanded_conv_9/depthwise/depthwise_weights
train.py 2019-08-24 11:59:44		MobilenetV2/expanded_conv_9/depthwise/depthwise_weights
train.py 2019-08-24 11:59:44		YoloV3/MobilenetV2/expanded_conv_9/depthwise/BatchNorm/gamma
train.py 2019-08-24 11:59:44		MobilenetV2/expanded_conv_9/depthwise/BatchNorm/gamma
train.py 2019-08-24 11:59:44		YoloV3/MobilenetV2/expanded_conv_9/depthwise/BatchNorm/beta
train.py 2019-08-24 11:59:44		MobilenetV2/expanded_conv_9/depthwise/BatchNorm/beta
train.py 2019-08-24 11:59:44		YoloV3/MobilenetV2/expanded_conv_9/depthwise/BatchNorm/moving_mean
train.py 2019-08-24 11:59:44		MobilenetV2/expanded_conv_9/depthwise/BatchNorm/moving_mean
train.py 2019-08-24 11:59:44		YoloV3/MobilenetV2/expanded_conv_9/depthwise/BatchNorm/moving_variance
train.py 2019-08-24 11:59:44		MobilenetV2/expanded_conv_9/depthwise/BatchNorm/moving_variance
train.py 2019-08-24 11:59:44		YoloV3/MobilenetV2/expanded_conv_9/project/weights
train.py 2019-08-24 11:59:44		MobilenetV2/expanded_conv_9/project/weights
train.py 2019-08-24 11:59:44		YoloV3/MobilenetV2/expanded_conv_9/project/BatchNorm/gamma
train.py 2019-08-24 11:59:44		MobilenetV2/expanded_conv_9/project/BatchNorm/gamma
train.py 2019-08-24 11:59:44		YoloV3/MobilenetV2/expanded_conv_9/project/BatchNorm/beta
train.py 2019-08-24 11:59:44		MobilenetV2/expanded_conv_9/project/BatchNorm/beta
train.py 2019-08-24 11:59:44		YoloV3/MobilenetV2/expanded_conv_9/project/BatchNorm/moving_mean
train.py 2019-08-24 11:59:44		MobilenetV2/expanded_conv_9/project/BatchNorm/moving_mean
train.py 2019-08-24 11:59:44		YoloV3/MobilenetV2/expanded_conv_9/project/BatchNorm/moving_variance
train.py 2019-08-24 11:59:44		MobilenetV2/expanded_conv_9/project/BatchNorm/moving_variance
train.py 2019-08-24 11:59:44		YoloV3/MobilenetV2/expanded_conv_10/expand/weights
train.py 2019-08-24 11:59:44		MobilenetV2/expanded_conv_10/expand/weights
train.py 2019-08-24 11:59:44		YoloV3/MobilenetV2/expanded_conv_10/expand/BatchNorm/gamma
train.py 2019-08-24 11:59:44		MobilenetV2/expanded_conv_10/expand/BatchNorm/gamma
train.py 2019-08-24 11:59:44		YoloV3/MobilenetV2/expanded_conv_10/expand/BatchNorm/beta
train.py 2019-08-24 11:59:44		MobilenetV2/expanded_conv_10/expand/BatchNorm/beta
train.py 2019-08-24 11:59:44		YoloV3/MobilenetV2/expanded_conv_10/expand/BatchNorm/moving_mean
train.py 2019-08-24 11:59:44		MobilenetV2/expanded_conv_10/expand/BatchNorm/moving_mean
train.py 2019-08-24 11:59:44		YoloV3/MobilenetV2/expanded_conv_10/expand/BatchNorm/moving_variance
train.py 2019-08-24 11:59:44		MobilenetV2/expanded_conv_10/expand/BatchNorm/moving_variance
train.py 2019-08-24 11:59:44		YoloV3/MobilenetV2/expanded_conv_10/depthwise/depthwise_weights
train.py 2019-08-24 11:59:44		MobilenetV2/expanded_conv_10/depthwise/depthwise_weights
train.py 2019-08-24 11:59:44		YoloV3/MobilenetV2/expanded_conv_10/depthwise/BatchNorm/gamma
train.py 2019-08-24 11:59:44		MobilenetV2/expanded_conv_10/depthwise/BatchNorm/gamma
train.py 2019-08-24 11:59:44		YoloV3/MobilenetV2/expanded_conv_10/depthwise/BatchNorm/beta
train.py 2019-08-24 11:59:44		MobilenetV2/expanded_conv_10/depthwise/BatchNorm/beta
train.py 2019-08-24 11:59:44		YoloV3/MobilenetV2/expanded_conv_10/depthwise/BatchNorm/moving_mean
train.py 2019-08-24 11:59:44		MobilenetV2/expanded_conv_10/depthwise/BatchNorm/moving_mean
train.py 2019-08-24 11:59:44		YoloV3/MobilenetV2/expanded_conv_10/depthwise/BatchNorm/moving_variance
train.py 2019-08-24 11:59:44		MobilenetV2/expanded_conv_10/depthwise/BatchNorm/moving_variance
train.py 2019-08-24 11:59:44		YoloV3/MobilenetV2/expanded_conv_10/project/weights
train.py 2019-08-24 11:59:44		MobilenetV2/expanded_conv_10/project/weights
train.py 2019-08-24 11:59:44		YoloV3/MobilenetV2/expanded_conv_10/project/BatchNorm/gamma
train.py 2019-08-24 11:59:44		MobilenetV2/expanded_conv_10/project/BatchNorm/gamma
train.py 2019-08-24 11:59:44		YoloV3/MobilenetV2/expanded_conv_10/project/BatchNorm/beta
train.py 2019-08-24 11:59:44		MobilenetV2/expanded_conv_10/project/BatchNorm/beta
train.py 2019-08-24 11:59:44		YoloV3/MobilenetV2/expanded_conv_10/project/BatchNorm/moving_mean
train.py 2019-08-24 11:59:44		MobilenetV2/expanded_conv_10/project/BatchNorm/moving_mean
train.py 2019-08-24 11:59:44		YoloV3/MobilenetV2/expanded_conv_10/project/BatchNorm/moving_variance
train.py 2019-08-24 11:59:44		MobilenetV2/expanded_conv_10/project/BatchNorm/moving_variance
train.py 2019-08-24 11:59:44		YoloV3/MobilenetV2/expanded_conv_11/expand/weights
train.py 2019-08-24 11:59:44		MobilenetV2/expanded_conv_11/expand/weights
train.py 2019-08-24 11:59:44		YoloV3/MobilenetV2/expanded_conv_11/expand/BatchNorm/gamma
train.py 2019-08-24 11:59:44		MobilenetV2/expanded_conv_11/expand/BatchNorm/gamma
train.py 2019-08-24 11:59:44		YoloV3/MobilenetV2/expanded_conv_11/expand/BatchNorm/beta
train.py 2019-08-24 11:59:44		MobilenetV2/expanded_conv_11/expand/BatchNorm/beta
train.py 2019-08-24 11:59:44		YoloV3/MobilenetV2/expanded_conv_11/expand/BatchNorm/moving_mean
train.py 2019-08-24 11:59:44		MobilenetV2/expanded_conv_11/expand/BatchNorm/moving_mean
train.py 2019-08-24 11:59:44		YoloV3/MobilenetV2/expanded_conv_11/expand/BatchNorm/moving_variance
train.py 2019-08-24 11:59:44		MobilenetV2/expanded_conv_11/expand/BatchNorm/moving_variance
train.py 2019-08-24 11:59:44		YoloV3/MobilenetV2/expanded_conv_11/depthwise/depthwise_weights
train.py 2019-08-24 11:59:44		MobilenetV2/expanded_conv_11/depthwise/depthwise_weights
train.py 2019-08-24 11:59:44		YoloV3/MobilenetV2/expanded_conv_11/depthwise/BatchNorm/gamma
train.py 2019-08-24 11:59:44		MobilenetV2/expanded_conv_11/depthwise/BatchNorm/gamma
train.py 2019-08-24 11:59:44		YoloV3/MobilenetV2/expanded_conv_11/depthwise/BatchNorm/beta
train.py 2019-08-24 11:59:44		MobilenetV2/expanded_conv_11/depthwise/BatchNorm/beta
train.py 2019-08-24 11:59:44		YoloV3/MobilenetV2/expanded_conv_11/depthwise/BatchNorm/moving_mean
train.py 2019-08-24 11:59:44		MobilenetV2/expanded_conv_11/depthwise/BatchNorm/moving_mean
train.py 2019-08-24 11:59:44		YoloV3/MobilenetV2/expanded_conv_11/depthwise/BatchNorm/moving_variance
train.py 2019-08-24 11:59:44		MobilenetV2/expanded_conv_11/depthwise/BatchNorm/moving_variance
train.py 2019-08-24 11:59:44		YoloV3/MobilenetV2/expanded_conv_11/project/weights
train.py 2019-08-24 11:59:44		MobilenetV2/expanded_conv_11/project/weights
train.py 2019-08-24 11:59:44		YoloV3/MobilenetV2/expanded_conv_11/project/BatchNorm/gamma
train.py 2019-08-24 11:59:44		MobilenetV2/expanded_conv_11/project/BatchNorm/gamma
train.py 2019-08-24 11:59:44		YoloV3/MobilenetV2/expanded_conv_11/project/BatchNorm/beta
train.py 2019-08-24 11:59:44		MobilenetV2/expanded_conv_11/project/BatchNorm/beta
train.py 2019-08-24 11:59:44		YoloV3/MobilenetV2/expanded_conv_11/project/BatchNorm/moving_mean
train.py 2019-08-24 11:59:44		MobilenetV2/expanded_conv_11/project/BatchNorm/moving_mean
train.py 2019-08-24 11:59:44		YoloV3/MobilenetV2/expanded_conv_11/project/BatchNorm/moving_variance
train.py 2019-08-24 11:59:44		MobilenetV2/expanded_conv_11/project/BatchNorm/moving_variance
train.py 2019-08-24 11:59:44		YoloV3/MobilenetV2/expanded_conv_12/expand/weights
train.py 2019-08-24 11:59:44		MobilenetV2/expanded_conv_12/expand/weights
train.py 2019-08-24 11:59:44		YoloV3/MobilenetV2/expanded_conv_12/expand/BatchNorm/gamma
train.py 2019-08-24 11:59:44		MobilenetV2/expanded_conv_12/expand/BatchNorm/gamma
train.py 2019-08-24 11:59:44		YoloV3/MobilenetV2/expanded_conv_12/expand/BatchNorm/beta
train.py 2019-08-24 11:59:44		MobilenetV2/expanded_conv_12/expand/BatchNorm/beta
train.py 2019-08-24 11:59:44		YoloV3/MobilenetV2/expanded_conv_12/expand/BatchNorm/moving_mean
train.py 2019-08-24 11:59:44		MobilenetV2/expanded_conv_12/expand/BatchNorm/moving_mean
train.py 2019-08-24 11:59:44		YoloV3/MobilenetV2/expanded_conv_12/expand/BatchNorm/moving_variance
train.py 2019-08-24 11:59:44		MobilenetV2/expanded_conv_12/expand/BatchNorm/moving_variance
train.py 2019-08-24 11:59:44		YoloV3/MobilenetV2/expanded_conv_12/depthwise/depthwise_weights
train.py 2019-08-24 11:59:44		MobilenetV2/expanded_conv_12/depthwise/depthwise_weights
train.py 2019-08-24 11:59:44		YoloV3/MobilenetV2/expanded_conv_12/depthwise/BatchNorm/gamma
train.py 2019-08-24 11:59:44		MobilenetV2/expanded_conv_12/depthwise/BatchNorm/gamma
train.py 2019-08-24 11:59:44		YoloV3/MobilenetV2/expanded_conv_12/depthwise/BatchNorm/beta
train.py 2019-08-24 11:59:44		MobilenetV2/expanded_conv_12/depthwise/BatchNorm/beta
train.py 2019-08-24 11:59:44		YoloV3/MobilenetV2/expanded_conv_12/depthwise/BatchNorm/moving_mean
train.py 2019-08-24 11:59:44		MobilenetV2/expanded_conv_12/depthwise/BatchNorm/moving_mean
train.py 2019-08-24 11:59:44		YoloV3/MobilenetV2/expanded_conv_12/depthwise/BatchNorm/moving_variance
train.py 2019-08-24 11:59:44		MobilenetV2/expanded_conv_12/depthwise/BatchNorm/moving_variance
train.py 2019-08-24 11:59:44		YoloV3/MobilenetV2/expanded_conv_12/project/weights
train.py 2019-08-24 11:59:44		MobilenetV2/expanded_conv_12/project/weights
train.py 2019-08-24 11:59:44		YoloV3/MobilenetV2/expanded_conv_12/project/BatchNorm/gamma
train.py 2019-08-24 11:59:44		MobilenetV2/expanded_conv_12/project/BatchNorm/gamma
train.py 2019-08-24 11:59:44		YoloV3/MobilenetV2/expanded_conv_12/project/BatchNorm/beta
train.py 2019-08-24 11:59:44		MobilenetV2/expanded_conv_12/project/BatchNorm/beta
train.py 2019-08-24 11:59:44		YoloV3/MobilenetV2/expanded_conv_12/project/BatchNorm/moving_mean
train.py 2019-08-24 11:59:44		MobilenetV2/expanded_conv_12/project/BatchNorm/moving_mean
train.py 2019-08-24 11:59:44		YoloV3/MobilenetV2/expanded_conv_12/project/BatchNorm/moving_variance
train.py 2019-08-24 11:59:44		MobilenetV2/expanded_conv_12/project/BatchNorm/moving_variance
train.py 2019-08-24 11:59:44		YoloV3/MobilenetV2/expanded_conv_13/expand/weights
train.py 2019-08-24 11:59:44		MobilenetV2/expanded_conv_13/expand/weights
train.py 2019-08-24 11:59:44		YoloV3/MobilenetV2/expanded_conv_13/expand/BatchNorm/gamma
train.py 2019-08-24 11:59:44		MobilenetV2/expanded_conv_13/expand/BatchNorm/gamma
train.py 2019-08-24 11:59:44		YoloV3/MobilenetV2/expanded_conv_13/expand/BatchNorm/beta
train.py 2019-08-24 11:59:44		MobilenetV2/expanded_conv_13/expand/BatchNorm/beta
train.py 2019-08-24 11:59:44		YoloV3/MobilenetV2/expanded_conv_13/expand/BatchNorm/moving_mean
train.py 2019-08-24 11:59:44		MobilenetV2/expanded_conv_13/expand/BatchNorm/moving_mean
train.py 2019-08-24 11:59:44		YoloV3/MobilenetV2/expanded_conv_13/expand/BatchNorm/moving_variance
train.py 2019-08-24 11:59:44		MobilenetV2/expanded_conv_13/expand/BatchNorm/moving_variance
train.py 2019-08-24 11:59:44		YoloV3/MobilenetV2/expanded_conv_13/depthwise/depthwise_weights
train.py 2019-08-24 11:59:44		MobilenetV2/expanded_conv_13/depthwise/depthwise_weights
train.py 2019-08-24 11:59:44		YoloV3/MobilenetV2/expanded_conv_13/depthwise/BatchNorm/gamma
train.py 2019-08-24 11:59:44		MobilenetV2/expanded_conv_13/depthwise/BatchNorm/gamma
train.py 2019-08-24 11:59:44		YoloV3/MobilenetV2/expanded_conv_13/depthwise/BatchNorm/beta
train.py 2019-08-24 11:59:44		MobilenetV2/expanded_conv_13/depthwise/BatchNorm/beta
train.py 2019-08-24 11:59:44		YoloV3/MobilenetV2/expanded_conv_13/depthwise/BatchNorm/moving_mean
train.py 2019-08-24 11:59:44		MobilenetV2/expanded_conv_13/depthwise/BatchNorm/moving_mean
train.py 2019-08-24 11:59:44		YoloV3/MobilenetV2/expanded_conv_13/depthwise/BatchNorm/moving_variance
train.py 2019-08-24 11:59:44		MobilenetV2/expanded_conv_13/depthwise/BatchNorm/moving_variance
train.py 2019-08-24 11:59:44		YoloV3/MobilenetV2/expanded_conv_13/project/weights
train.py 2019-08-24 11:59:44		MobilenetV2/expanded_conv_13/project/weights
train.py 2019-08-24 11:59:44		YoloV3/MobilenetV2/expanded_conv_13/project/BatchNorm/gamma
train.py 2019-08-24 11:59:44		MobilenetV2/expanded_conv_13/project/BatchNorm/gamma
train.py 2019-08-24 11:59:44		YoloV3/MobilenetV2/expanded_conv_13/project/BatchNorm/beta
train.py 2019-08-24 11:59:44		MobilenetV2/expanded_conv_13/project/BatchNorm/beta
train.py 2019-08-24 11:59:44		YoloV3/MobilenetV2/expanded_conv_13/project/BatchNorm/moving_mean
train.py 2019-08-24 11:59:44		MobilenetV2/expanded_conv_13/project/BatchNorm/moving_mean
train.py 2019-08-24 11:59:44		YoloV3/MobilenetV2/expanded_conv_13/project/BatchNorm/moving_variance
train.py 2019-08-24 11:59:44		MobilenetV2/expanded_conv_13/project/BatchNorm/moving_variance
train.py 2019-08-24 11:59:44		YoloV3/MobilenetV2/expanded_conv_14/expand/weights
train.py 2019-08-24 11:59:44		MobilenetV2/expanded_conv_14/expand/weights
train.py 2019-08-24 11:59:44		YoloV3/MobilenetV2/expanded_conv_14/expand/BatchNorm/gamma
train.py 2019-08-24 11:59:44		MobilenetV2/expanded_conv_14/expand/BatchNorm/gamma
train.py 2019-08-24 11:59:44		YoloV3/MobilenetV2/expanded_conv_14/expand/BatchNorm/beta
train.py 2019-08-24 11:59:44		MobilenetV2/expanded_conv_14/expand/BatchNorm/beta
train.py 2019-08-24 11:59:44		YoloV3/MobilenetV2/expanded_conv_14/expand/BatchNorm/moving_mean
train.py 2019-08-24 11:59:44		MobilenetV2/expanded_conv_14/expand/BatchNorm/moving_mean
train.py 2019-08-24 11:59:44		YoloV3/MobilenetV2/expanded_conv_14/expand/BatchNorm/moving_variance
train.py 2019-08-24 11:59:44		MobilenetV2/expanded_conv_14/expand/BatchNorm/moving_variance
train.py 2019-08-24 11:59:44		YoloV3/MobilenetV2/expanded_conv_14/depthwise/depthwise_weights
train.py 2019-08-24 11:59:44		MobilenetV2/expanded_conv_14/depthwise/depthwise_weights
train.py 2019-08-24 11:59:44		YoloV3/MobilenetV2/expanded_conv_14/depthwise/BatchNorm/gamma
train.py 2019-08-24 11:59:44		MobilenetV2/expanded_conv_14/depthwise/BatchNorm/gamma
train.py 2019-08-24 11:59:44		YoloV3/MobilenetV2/expanded_conv_14/depthwise/BatchNorm/beta
train.py 2019-08-24 11:59:44		MobilenetV2/expanded_conv_14/depthwise/BatchNorm/beta
train.py 2019-08-24 11:59:44		YoloV3/MobilenetV2/expanded_conv_14/depthwise/BatchNorm/moving_mean
train.py 2019-08-24 11:59:44		MobilenetV2/expanded_conv_14/depthwise/BatchNorm/moving_mean
train.py 2019-08-24 11:59:44		YoloV3/MobilenetV2/expanded_conv_14/depthwise/BatchNorm/moving_variance
train.py 2019-08-24 11:59:44		MobilenetV2/expanded_conv_14/depthwise/BatchNorm/moving_variance
train.py 2019-08-24 11:59:44		YoloV3/MobilenetV2/expanded_conv_14/project/weights
train.py 2019-08-24 11:59:44		MobilenetV2/expanded_conv_14/project/weights
train.py 2019-08-24 11:59:44		YoloV3/MobilenetV2/expanded_conv_14/project/BatchNorm/gamma
train.py 2019-08-24 11:59:44		MobilenetV2/expanded_conv_14/project/BatchNorm/gamma
train.py 2019-08-24 11:59:44		YoloV3/MobilenetV2/expanded_conv_14/project/BatchNorm/beta
train.py 2019-08-24 11:59:44		MobilenetV2/expanded_conv_14/project/BatchNorm/beta
train.py 2019-08-24 11:59:44		YoloV3/MobilenetV2/expanded_conv_14/project/BatchNorm/moving_mean
train.py 2019-08-24 11:59:44		MobilenetV2/expanded_conv_14/project/BatchNorm/moving_mean
train.py 2019-08-24 11:59:44		YoloV3/MobilenetV2/expanded_conv_14/project/BatchNorm/moving_variance
train.py 2019-08-24 11:59:44		MobilenetV2/expanded_conv_14/project/BatchNorm/moving_variance
train.py 2019-08-24 11:59:44		YoloV3/MobilenetV2/expanded_conv_15/expand/weights
train.py 2019-08-24 11:59:44		MobilenetV2/expanded_conv_15/expand/weights
train.py 2019-08-24 11:59:44		YoloV3/MobilenetV2/expanded_conv_15/expand/BatchNorm/gamma
train.py 2019-08-24 11:59:44		MobilenetV2/expanded_conv_15/expand/BatchNorm/gamma
train.py 2019-08-24 11:59:44		YoloV3/MobilenetV2/expanded_conv_15/expand/BatchNorm/beta
train.py 2019-08-24 11:59:44		MobilenetV2/expanded_conv_15/expand/BatchNorm/beta
train.py 2019-08-24 11:59:44		YoloV3/MobilenetV2/expanded_conv_15/expand/BatchNorm/moving_mean
train.py 2019-08-24 11:59:44		MobilenetV2/expanded_conv_15/expand/BatchNorm/moving_mean
train.py 2019-08-24 11:59:44		YoloV3/MobilenetV2/expanded_conv_15/expand/BatchNorm/moving_variance
train.py 2019-08-24 11:59:44		MobilenetV2/expanded_conv_15/expand/BatchNorm/moving_variance
train.py 2019-08-24 11:59:44		YoloV3/MobilenetV2/expanded_conv_15/depthwise/depthwise_weights
train.py 2019-08-24 11:59:44		MobilenetV2/expanded_conv_15/depthwise/depthwise_weights
train.py 2019-08-24 11:59:44		YoloV3/MobilenetV2/expanded_conv_15/depthwise/BatchNorm/gamma
train.py 2019-08-24 11:59:44		MobilenetV2/expanded_conv_15/depthwise/BatchNorm/gamma
train.py 2019-08-24 11:59:44		YoloV3/MobilenetV2/expanded_conv_15/depthwise/BatchNorm/beta
train.py 2019-08-24 11:59:44		MobilenetV2/expanded_conv_15/depthwise/BatchNorm/beta
train.py 2019-08-24 11:59:44		YoloV3/MobilenetV2/expanded_conv_15/depthwise/BatchNorm/moving_mean
train.py 2019-08-24 11:59:44		MobilenetV2/expanded_conv_15/depthwise/BatchNorm/moving_mean
train.py 2019-08-24 11:59:44		YoloV3/MobilenetV2/expanded_conv_15/depthwise/BatchNorm/moving_variance
train.py 2019-08-24 11:59:44		MobilenetV2/expanded_conv_15/depthwise/BatchNorm/moving_variance
train.py 2019-08-24 11:59:44		YoloV3/MobilenetV2/expanded_conv_15/project/weights
train.py 2019-08-24 11:59:44		MobilenetV2/expanded_conv_15/project/weights
train.py 2019-08-24 11:59:44		YoloV3/MobilenetV2/expanded_conv_15/project/BatchNorm/gamma
train.py 2019-08-24 11:59:44		MobilenetV2/expanded_conv_15/project/BatchNorm/gamma
train.py 2019-08-24 11:59:44		YoloV3/MobilenetV2/expanded_conv_15/project/BatchNorm/beta
train.py 2019-08-24 11:59:44		MobilenetV2/expanded_conv_15/project/BatchNorm/beta
train.py 2019-08-24 11:59:44		YoloV3/MobilenetV2/expanded_conv_15/project/BatchNorm/moving_mean
train.py 2019-08-24 11:59:44		MobilenetV2/expanded_conv_15/project/BatchNorm/moving_mean
train.py 2019-08-24 11:59:44		YoloV3/MobilenetV2/expanded_conv_15/project/BatchNorm/moving_variance
train.py 2019-08-24 11:59:44		MobilenetV2/expanded_conv_15/project/BatchNorm/moving_variance
train.py 2019-08-24 11:59:44		YoloV3/MobilenetV2/expanded_conv_16/expand/weights
train.py 2019-08-24 11:59:44		MobilenetV2/expanded_conv_16/expand/weights
train.py 2019-08-24 11:59:44		YoloV3/MobilenetV2/expanded_conv_16/expand/BatchNorm/gamma
train.py 2019-08-24 11:59:44		MobilenetV2/expanded_conv_16/expand/BatchNorm/gamma
train.py 2019-08-24 11:59:44		YoloV3/MobilenetV2/expanded_conv_16/expand/BatchNorm/beta
train.py 2019-08-24 11:59:44		MobilenetV2/expanded_conv_16/expand/BatchNorm/beta
train.py 2019-08-24 11:59:44		YoloV3/MobilenetV2/expanded_conv_16/expand/BatchNorm/moving_mean
train.py 2019-08-24 11:59:44		MobilenetV2/expanded_conv_16/expand/BatchNorm/moving_mean
train.py 2019-08-24 11:59:44		YoloV3/MobilenetV2/expanded_conv_16/expand/BatchNorm/moving_variance
train.py 2019-08-24 11:59:44		MobilenetV2/expanded_conv_16/expand/BatchNorm/moving_variance
train.py 2019-08-24 11:59:44		YoloV3/MobilenetV2/expanded_conv_16/depthwise/depthwise_weights
train.py 2019-08-24 11:59:44		MobilenetV2/expanded_conv_16/depthwise/depthwise_weights
train.py 2019-08-24 11:59:44		YoloV3/MobilenetV2/expanded_conv_16/depthwise/BatchNorm/gamma
train.py 2019-08-24 11:59:44		MobilenetV2/expanded_conv_16/depthwise/BatchNorm/gamma
train.py 2019-08-24 11:59:44		YoloV3/MobilenetV2/expanded_conv_16/depthwise/BatchNorm/beta
train.py 2019-08-24 11:59:44		MobilenetV2/expanded_conv_16/depthwise/BatchNorm/beta
train.py 2019-08-24 11:59:44		YoloV3/MobilenetV2/expanded_conv_16/depthwise/BatchNorm/moving_mean
train.py 2019-08-24 11:59:44		MobilenetV2/expanded_conv_16/depthwise/BatchNorm/moving_mean
train.py 2019-08-24 11:59:44		YoloV3/MobilenetV2/expanded_conv_16/depthwise/BatchNorm/moving_variance
train.py 2019-08-24 11:59:44		MobilenetV2/expanded_conv_16/depthwise/BatchNorm/moving_variance
train.py 2019-08-24 11:59:44		YoloV3/MobilenetV2/expanded_conv_16/project/weights
train.py 2019-08-24 11:59:44		MobilenetV2/expanded_conv_16/project/weights
train.py 2019-08-24 11:59:44		YoloV3/MobilenetV2/expanded_conv_16/project/BatchNorm/gamma
train.py 2019-08-24 11:59:44		MobilenetV2/expanded_conv_16/project/BatchNorm/gamma
train.py 2019-08-24 11:59:44		YoloV3/MobilenetV2/expanded_conv_16/project/BatchNorm/beta
train.py 2019-08-24 11:59:44		MobilenetV2/expanded_conv_16/project/BatchNorm/beta
train.py 2019-08-24 11:59:44		YoloV3/MobilenetV2/expanded_conv_16/project/BatchNorm/moving_mean
train.py 2019-08-24 11:59:44		MobilenetV2/expanded_conv_16/project/BatchNorm/moving_mean
train.py 2019-08-24 11:59:44		YoloV3/MobilenetV2/expanded_conv_16/project/BatchNorm/moving_variance
train.py 2019-08-24 11:59:44		MobilenetV2/expanded_conv_16/project/BatchNorm/moving_variance
train.py 2019-08-24 11:59:44		YoloV3/MobilenetV2/Conv_1/weights
train.py 2019-08-24 11:59:44		MobilenetV2/Conv_1/weights
train.py 2019-08-24 11:59:44		YoloV3/MobilenetV2/Conv_1/BatchNorm/gamma
train.py 2019-08-24 11:59:44		MobilenetV2/Conv_1/BatchNorm/gamma
train.py 2019-08-24 11:59:44		YoloV3/MobilenetV2/Conv_1/BatchNorm/beta
train.py 2019-08-24 11:59:44		MobilenetV2/Conv_1/BatchNorm/beta
train.py 2019-08-24 11:59:44		YoloV3/MobilenetV2/Conv_1/BatchNorm/moving_mean
train.py 2019-08-24 11:59:44		MobilenetV2/Conv_1/BatchNorm/moving_mean
train.py 2019-08-24 11:59:44		YoloV3/MobilenetV2/Conv_1/BatchNorm/moving_variance
train.py 2019-08-24 11:59:44		MobilenetV2/Conv_1/BatchNorm/moving_variance
tf_logging.py 2019-08-25 12:00:08	Restoring parameters from ./weights/yolo.ckpt-step-18000
